<?xml version="1.0" encoding="UTF-8" ?>
<testsuite tests="16" failures="0" errors="8" skipped="0" time="0.081" name="module 'aos_utils_integration_test'">
  <testcase time="0.000" name="aos_utils_integration_test:0 utils_loading_test">
    <system-out>
    </system-out>
  </testcase>
  <testcase time="0.000" name="aos_utils_integration_test:0 message_filtering_test">
    <system-out>
    </system-out>
  </testcase>
  <testcase time="0.000" name="aos_utils_integration_test:0 pattern_matching_test">
    <system-out>
    </system-out>
  </testcase>
  <testcase time="0.000" name="aos_utils_integration_test:0 curry_functionality_test">
    <system-out>
    </system-out>
  </testcase>
  <testcase time="0.000" name="aos_utils_integration_test:0 composition_test">
    <system-out>
    </system-out>
  </testcase>
  <testcase time="0.000" name="aos_utils_integration_test:0 demo_utils_action_test">
    <system-out>
    </system-out>
  </testcase>
  <testcase time="0.000" name="aos_utils_integration_test:0 array_manipulation_test">
    <system-out>
    </system-out>
  </testcase>
  <testcase time="0.000" name="aos_utils_integration_test:0 authority_validation_test">
    <system-out>
    </system-out>
  </testcase>
  <testcase time="0.002" name="aos_utils_integration_test:25 -utils_loading_test/0-fun-5- (Utils module loading)">
    <error type="error">
::in function aos_utils_integration_test:setup_test_environment/0 (/Users/rakis/demos/hyper-aos-demo/aos_test_suite/test/integration/aos_utils_integration_test.erl, line 297)
in call from aos_utils_integration_test:'-utils_loading_test/0-fun-5-'/0 (/Users/rakis/demos/hyper-aos-demo/aos_test_suite/test/integration/aos_utils_integration_test.erl, line 27)
in call from eunit_test:run_testfun/1 (eunit_test.erl, line 72)
in call from eunit_proc:run_test/1 (eunit_proc.erl, line 544)
in call from eunit_proc:with_timeout/3 (eunit_proc.erl, line 369)
in call from eunit_proc:handle_test/2 (eunit_proc.erl, line 527)
in call from eunit_proc:tests_inorder/3 (eunit_proc.erl, line 469)
in call from eunit_proc:with_timeout/3 (eunit_proc.erl, line 359)
**error:{badmatch,
 {error,function_clause,
  [{luerl_heap,alloc_funcdef,
    [{lua_func,
      [53,{file,&lt;&lt;"-no-file-"&gt;&gt;},{name,&lt;&lt;"meta.init"&gt;&gt;}],
      [],1,0,
      [1],
      [{push_args,[1]},
       {store_lvar,1,1},
       {current_line,55,&lt;&lt;"-no-file-"&gt;&gt;},
       {push_evar,2,1},
       {get_lit_key,&lt;&lt;"initialized"&gt;&gt;},
       {op,'not',1},
       {and_then,[{push_lvar,1,1},{get_lit_key,&lt;&lt;"type"&gt;&gt;}]},
       {and_then,
        [{push_gvar,&lt;&lt;"string"&gt;&gt;},
         {get_lit_key,&lt;&lt;"lower"&gt;&gt;},
         {push_lvar,1,1},
         {get_lit_key,&lt;&lt;"type"&gt;&gt;},
         multiple,
         {pop_args,1},
         fcall,single,
         {push_lit,&lt;&lt;"process"&gt;&gt;},
         {op,'==',2}]},
       {and_then,[{push_lvar,1,1},{get_lit_key,&lt;&lt;"commitments"&gt;&gt;}]},
       {if_true,
        [{block_open,0,0},
         {current_line,57,&lt;&lt;"-no-file-"&gt;&gt;},
         {push_gvar,&lt;&lt;"pairs"&gt;&gt;},
         {push_lvar,2,1},
         {get_lit_key,&lt;&lt;"commitments"&gt;&gt;},
         multiple,
         {pop_args,1},
         fcall,
         {pop_vals,1},
         {gfor,
          [{lvar,57,&lt;&lt;"key"&gt;&gt;,1,1},{lvar,57,&lt;&lt;"commitment"&gt;&gt;,1,2}],
          [{block_open,2,0},
           {push_vals,2},
           {store_lvar,1,2},
           {store_lvar,1,1},
           {current_line,58,&lt;&lt;"-no-file-"&gt;&gt;},
           {push_lvar,1,2},
           {get_lit_key,&lt;&lt;"type"&gt;&gt;},
           {and_then,
            [{push_gvar,&lt;&lt;"string"&gt;&gt;},
             {get_lit_key,&lt;&lt;"lower"&gt;&gt;},
             {push_lvar,1,2},
             {get_lit_key,&lt;&lt;"type"&gt;&gt;},
             multiple,
             {pop_args,1},
             fcall,single,
             {push_lit,&lt;&lt;"hmac-sha256"&gt;&gt;},
             {op,'~=',2}]},
           {and_then,[{push_lvar,1,2},{get_lit_key,&lt;&lt;"committer"&gt;&gt;}]},
           {if_true,
            [{block_open,0,0},
             {current_line,60,&lt;&lt;"-no-file-"&gt;&gt;},
             {push_lvar,2,1},
             {push_gvar,&lt;&lt;"_G"&gt;&gt;},
             {set_lit_key,&lt;&lt;"id"&gt;&gt;},
             {current_line,61,&lt;&lt;"-no-file-"&gt;&gt;},
             {push_lvar,2,2},
             {get_lit_key,&lt;&lt;"committer"&gt;&gt;},
             {push_gvar,&lt;&lt;"_G"&gt;&gt;},
             {set_lit_key,&lt;&lt;"owner"&gt;&gt;},
             {current_line,62,&lt;&lt;"-no-file-"&gt;&gt;},
             {push_lit,true},
             {push_evar,5,1},
             {set_lit_key,&lt;&lt;"initialized"&gt;&gt;},
             {current_line,65,&lt;&lt;"-no-file-"&gt;&gt;},
             {push_gvar,&lt;&lt;"_G"&gt;&gt;},
             {get_lit_key,&lt;&lt;"authorities"&gt;&gt;},
             {or_else,[{push_lit,[]},{build_tab,0,1}]},
             {push_gvar,&lt;&lt;"_G"&gt;&gt;},
             {set_lit_key,&lt;&lt;"authorities"&gt;&gt;},
             {current_line,68,&lt;&lt;"-no-file-"&gt;&gt;},
             {push_lvar,4,1},
             {get_lit_key,&lt;&lt;"authority"&gt;&gt;},
             {if_true,
              [{block_open,2,0},
               {current_line,70,&lt;&lt;"-no-file-"&gt;&gt;},
               {push_lvar,5,1},
               {get_lit_key,&lt;&lt;"authority"&gt;&gt;},
               {store_lvar,1,1},
               {current_line,71,&lt;&lt;"-no-file-"&gt;&gt;},
               {push_lit,1},
               {store_lvar,1,2},
               {current_line,72,&lt;&lt;"-no-file-"&gt;&gt;},
               {while,
                [{push_lit,true}],
                [{block_open,2,0},
                 {current_line,73,&lt;&lt;"-no-"...&gt;&gt;},
                 {push_gvar,&lt;&lt;"stri"...&gt;&gt;},
                 {get_lit_key,&lt;&lt;...&gt;&gt;},
                 {push_lvar,...},
                 {...}|...]},
               block_close]},
             {current_line,96,&lt;&lt;"-no-file-"&gt;&gt;},
             break,block_close]},
           block_close]},
         block_close]},
       {current_line,102,&lt;&lt;"-no-file-"&gt;&gt;},
       {push_gvar,&lt;&lt;"_G"&gt;&gt;},
       {get_lit_key,&lt;&lt;"colors"&gt;&gt;},
       {op,'not',1},
       {if_true,
        [{block_open,0,0},
         {current_line,103,&lt;&lt;"-no-file-"&gt;&gt;},
         {push_lit,&lt;&lt;"reset"&gt;&gt;},
         {push_lit,&lt;&lt;"\e[0m"&gt;&gt;},
         {push_lit,&lt;&lt;"black"&gt;&gt;},
         {push_lit,&lt;&lt;"\e[30m"&gt;&gt;},
         {push_lit,&lt;&lt;"red"&gt;&gt;},
         {push_lit,&lt;&lt;"\e[31m"&gt;&gt;},
         {push_lit,&lt;&lt;"green"&gt;&gt;},
         {push_lit,&lt;&lt;"\e[32m"&gt;&gt;},
         {push_lit,&lt;&lt;"yellow"&gt;&gt;},
         {push_lit,&lt;&lt;"\e[33m"&gt;&gt;},
         {push_lit,&lt;&lt;"blue"&gt;&gt;},
         {push_lit,&lt;&lt;"\e[34m"&gt;&gt;},
         {push_lit,&lt;&lt;"magenta"&gt;&gt;},
         {push_lit,&lt;&lt;"\e[35m"&gt;&gt;},
         {push_lit,&lt;&lt;"cyan"&gt;&gt;},
         {push_lit,&lt;&lt;"\e[36m"&gt;&gt;},
         {push_lit,&lt;&lt;"white"&gt;&gt;},
         {push_lit,&lt;&lt;"\e[37m"&gt;&gt;},
         {push_lit,&lt;&lt;"bright_black"&gt;&gt;},
         {push_lit,&lt;&lt;"\e[90m"&gt;&gt;},
         {push_lit,&lt;&lt;"bright_red"&gt;&gt;},
         {push_lit,&lt;&lt;"\e[91m"&gt;&gt;},
         {push_lit,&lt;&lt;"bright_green"&gt;&gt;},
         {push_lit,&lt;&lt;"\e[92m"&gt;&gt;},
         {push_lit,&lt;&lt;"bright_yellow"&gt;&gt;},
         {push_lit,&lt;&lt;"\e[93m"&gt;&gt;},
         {push_lit,&lt;&lt;"bright_blue"&gt;&gt;},
         {push_lit,&lt;&lt;"\e[94m"&gt;&gt;},
         {push_lit,&lt;&lt;"bright_magenta"&gt;&gt;},
         {push_lit,&lt;&lt;"\e[95m"&gt;&gt;},
         {push_lit,&lt;&lt;"bright_cyan"&gt;&gt;},
         {push_lit,&lt;&lt;"\e[96m"&gt;&gt;},
         {push_lit,&lt;&lt;"bright_white"&gt;&gt;},
         {push_lit,&lt;&lt;"\e[97m"&gt;&gt;},
         {push_lit,&lt;&lt;"bg_black"&gt;&gt;},
         {push_lit,&lt;&lt;"\e[40m"&gt;&gt;},
         {push_lit,&lt;&lt;"bg_red"&gt;&gt;},
         {push_lit,&lt;&lt;"\e[41m"&gt;&gt;},
         {push_lit,&lt;&lt;"bg_green"&gt;&gt;},
         {push_lit,&lt;&lt;"\e[42m"&gt;&gt;},
         {push_lit,&lt;&lt;"bg_yellow"&gt;&gt;},
         {push_lit,&lt;&lt;"\e[43m"&gt;&gt;},
         {push_lit,&lt;&lt;"bg_blue"&gt;&gt;},
         {push_lit,&lt;&lt;"\e[44m"&gt;&gt;},
         {push_lit,&lt;&lt;"bg_magenta"&gt;&gt;},
         {push_lit,&lt;&lt;"\e[45m"&gt;&gt;},
         {push_lit,&lt;&lt;"bg_cyan"&gt;&gt;},
         {push_lit,&lt;&lt;"\e[46m"&gt;&gt;},
         {push_lit,&lt;&lt;"bg_white"&gt;&gt;},
         {push_lit,&lt;&lt;"\e[47m"&gt;&gt;},
         {push_lit,&lt;&lt;"bold"&gt;&gt;},
         {push_lit,&lt;&lt;"\e[1m"&gt;&gt;},
         {push_lit,&lt;&lt;"dim"&gt;&gt;},
         {push_lit,&lt;&lt;"\e[2m"&gt;&gt;},
         {push_lit,&lt;&lt;"italic"&gt;&gt;},
         {push_lit,&lt;&lt;"\e[3m"&gt;&gt;},
         {push_lit,&lt;&lt;"underline"&gt;&gt;},
         {push_lit,&lt;&lt;"\e[4m"&gt;&gt;},
         {push_lit,&lt;&lt;"blink"&gt;&gt;},
         {push_lit,&lt;&lt;"\e[5m"&gt;&gt;},
         {push_lit,&lt;&lt;...&gt;&gt;},
         {push_lit,...},
         {...}|...]},
       {return,0}]},
     [[{&lt;&lt;"_version"&gt;&gt;,&lt;&lt;"1.0.0"&gt;&gt;},
       {&lt;&lt;"compose"&gt;&gt;,#Fun&lt;luerl.6.117429323&gt;},
       {&lt;&lt;"concat"&gt;&gt;,#Fun&lt;luerl.6.117429323&gt;},
       {&lt;&lt;"curry"&gt;&gt;,#Fun&lt;luerl.6.117429323&gt;},
       {&lt;&lt;"filter"&gt;&gt;,#Fun&lt;luerl.6.117429323&gt;},
       {&lt;&lt;"find"&gt;&gt;,#Fun&lt;luerl.6.117429323&gt;},
       {&lt;&lt;"includes"&gt;&gt;,#Fun&lt;luerl.6.117429323&gt;},
       {&lt;&lt;"keys"&gt;&gt;,#Fun&lt;luerl.6.117429323&gt;},
       {&lt;&lt;"map"&gt;&gt;,#Fun&lt;luerl.6.117429323&gt;},
       {&lt;&lt;"matchesPattern"&gt;&gt;,#Fun&lt;luerl.6.117429323&gt;},
       {&lt;&lt;"matchesSpec"&gt;&gt;,#Fun&lt;luerl.6.117429323&gt;},
       {&lt;&lt;"prop"&gt;&gt;,#Fun&lt;luerl.6.117429323&gt;},
       {&lt;&lt;"propEq"&gt;&gt;,#Fun&lt;luerl.6.117429323&gt;},
       {&lt;&lt;"reduce"&gt;&gt;,#Fun&lt;luerl.6.117429323&gt;},
       {&lt;&lt;"reverse"&gt;&gt;,#Fun&lt;luerl.6.117429323&gt;},
       {&lt;&lt;"values"&gt;&gt;,#Fun&lt;luerl.6.117429323&gt;}]]],
    [{file,
      "/Users/rakis/demos/hyper-aos-demo/aos_test_suite/_build/default/lib/luerl/src/luerl_heap.erl"},
     {line,447}]},
   {luerl_emul,load_chunk_i,3,
    [{file,
      "/Users/rakis/demos/hyper-aos-demo/aos_test_suite/_build/default/lib/luerl/src/luerl_emul.erl"},
     {line,246}]},
   {luerl_emul,load_chunk_is,3,
    [{file,
      "/Users/rakis/demos/hyper-aos-demo/aos_test_suite/_build/default/lib/luerl/src/luerl_emul.erl"},
     {line,234}]},
   {luerl_emul,load_chunk_is,3,
    [{file,
      "/Users/rakis/demos/hyper-aos-demo/aos_test_suite/_build/default/lib/luerl/src/luerl_emul.erl"},
     {line,235}]},
   {luerl_emul,load_chunk_i,3,
    [{file,
      "/Users/rakis/demos/hyper-aos-demo/aos_test_suite/_build/default/lib/luerl/src/luerl_emul.erl"},
     {line,244}]},
   {luerl_emul,load_chunk,3,
    [{file,
      "/Users/rakis/demos/hyper-aos-demo/aos_test_suite/_build/default/lib/luerl/src/luerl_emul.erl"},
     {line,223}]},
   {luerl,load,3,
    [{file,
      "/Users/rakis/demos/hyper-aos-demo/aos_test_suite/_build/default/lib/luerl/src/luerl.erl"},
     {line,87}]},
   {luerl,do,2,
    [{file,
      "/Users/rakis/demos/hyper-aos-demo/aos_test_suite/_build/default/lib/luerl/src/luerl.erl"},
     {line,66}]}]}}
    </error>
    <system-out>
    </system-out>
  </testcase>
  <testcase time="0.002" name="aos_utils_integration_test:49 -message_filtering_test/0-fun-1- (Message filtering with utils)">
    <error type="error">
::in function aos_utils_integration_test:setup_test_environment/0 (/Users/rakis/demos/hyper-aos-demo/aos_test_suite/test/integration/aos_utils_integration_test.erl, line 297)
in call from aos_utils_integration_test:'-message_filtering_test/0-fun-1-'/0 (/Users/rakis/demos/hyper-aos-demo/aos_test_suite/test/integration/aos_utils_integration_test.erl, line 51)
in call from eunit_test:run_testfun/1 (eunit_test.erl, line 72)
in call from eunit_proc:run_test/1 (eunit_proc.erl, line 544)
in call from eunit_proc:with_timeout/3 (eunit_proc.erl, line 369)
in call from eunit_proc:handle_test/2 (eunit_proc.erl, line 527)
in call from eunit_proc:tests_inorder/3 (eunit_proc.erl, line 469)
in call from eunit_proc:with_timeout/3 (eunit_proc.erl, line 359)
**error:{badmatch,
 {error,function_clause,
  [{luerl_heap,alloc_funcdef,
    [{lua_func,
      [53,{file,&lt;&lt;"-no-file-"&gt;&gt;},{name,&lt;&lt;"meta.init"&gt;&gt;}],
      [],1,0,
      [1],
      [{push_args,[1]},
       {store_lvar,1,1},
       {current_line,55,&lt;&lt;"-no-file-"&gt;&gt;},
       {push_evar,2,1},
       {get_lit_key,&lt;&lt;"initialized"&gt;&gt;},
       {op,'not',1},
       {and_then,[{push_lvar,1,1},{get_lit_key,&lt;&lt;"type"&gt;&gt;}]},
       {and_then,
        [{push_gvar,&lt;&lt;"string"&gt;&gt;},
         {get_lit_key,&lt;&lt;"lower"&gt;&gt;},
         {push_lvar,1,1},
         {get_lit_key,&lt;&lt;"type"&gt;&gt;},
         multiple,
         {pop_args,1},
         fcall,single,
         {push_lit,&lt;&lt;"process"&gt;&gt;},
         {op,'==',2}]},
       {and_then,[{push_lvar,1,1},{get_lit_key,&lt;&lt;"commitments"&gt;&gt;}]},
       {if_true,
        [{block_open,0,0},
         {current_line,57,&lt;&lt;"-no-file-"&gt;&gt;},
         {push_gvar,&lt;&lt;"pairs"&gt;&gt;},
         {push_lvar,2,1},
         {get_lit_key,&lt;&lt;"commitments"&gt;&gt;},
         multiple,
         {pop_args,1},
         fcall,
         {pop_vals,1},
         {gfor,
          [{lvar,57,&lt;&lt;"key"&gt;&gt;,1,1},{lvar,57,&lt;&lt;"commitment"&gt;&gt;,1,2}],
          [{block_open,2,0},
           {push_vals,2},
           {store_lvar,1,2},
           {store_lvar,1,1},
           {current_line,58,&lt;&lt;"-no-file-"&gt;&gt;},
           {push_lvar,1,2},
           {get_lit_key,&lt;&lt;"type"&gt;&gt;},
           {and_then,
            [{push_gvar,&lt;&lt;"string"&gt;&gt;},
             {get_lit_key,&lt;&lt;"lower"&gt;&gt;},
             {push_lvar,1,2},
             {get_lit_key,&lt;&lt;"type"&gt;&gt;},
             multiple,
             {pop_args,1},
             fcall,single,
             {push_lit,&lt;&lt;"hmac-sha256"&gt;&gt;},
             {op,'~=',2}]},
           {and_then,[{push_lvar,1,2},{get_lit_key,&lt;&lt;"committer"&gt;&gt;}]},
           {if_true,
            [{block_open,0,0},
             {current_line,60,&lt;&lt;"-no-file-"&gt;&gt;},
             {push_lvar,2,1},
             {push_gvar,&lt;&lt;"_G"&gt;&gt;},
             {set_lit_key,&lt;&lt;"id"&gt;&gt;},
             {current_line,61,&lt;&lt;"-no-file-"&gt;&gt;},
             {push_lvar,2,2},
             {get_lit_key,&lt;&lt;"committer"&gt;&gt;},
             {push_gvar,&lt;&lt;"_G"&gt;&gt;},
             {set_lit_key,&lt;&lt;"owner"&gt;&gt;},
             {current_line,62,&lt;&lt;"-no-file-"&gt;&gt;},
             {push_lit,true},
             {push_evar,5,1},
             {set_lit_key,&lt;&lt;"initialized"&gt;&gt;},
             {current_line,65,&lt;&lt;"-no-file-"&gt;&gt;},
             {push_gvar,&lt;&lt;"_G"&gt;&gt;},
             {get_lit_key,&lt;&lt;"authorities"&gt;&gt;},
             {or_else,[{push_lit,[]},{build_tab,0,1}]},
             {push_gvar,&lt;&lt;"_G"&gt;&gt;},
             {set_lit_key,&lt;&lt;"authorities"&gt;&gt;},
             {current_line,68,&lt;&lt;"-no-file-"&gt;&gt;},
             {push_lvar,4,1},
             {get_lit_key,&lt;&lt;"authority"&gt;&gt;},
             {if_true,
              [{block_open,2,0},
               {current_line,70,&lt;&lt;"-no-file-"&gt;&gt;},
               {push_lvar,5,1},
               {get_lit_key,&lt;&lt;"authority"&gt;&gt;},
               {store_lvar,1,1},
               {current_line,71,&lt;&lt;"-no-file-"&gt;&gt;},
               {push_lit,1},
               {store_lvar,1,2},
               {current_line,72,&lt;&lt;"-no-file-"&gt;&gt;},
               {while,
                [{push_lit,true}],
                [{block_open,2,0},
                 {current_line,73,&lt;&lt;"-no-"...&gt;&gt;},
                 {push_gvar,&lt;&lt;"stri"...&gt;&gt;},
                 {get_lit_key,&lt;&lt;...&gt;&gt;},
                 {push_lvar,...},
                 {...}|...]},
               block_close]},
             {current_line,96,&lt;&lt;"-no-file-"&gt;&gt;},
             break,block_close]},
           block_close]},
         block_close]},
       {current_line,102,&lt;&lt;"-no-file-"&gt;&gt;},
       {push_gvar,&lt;&lt;"_G"&gt;&gt;},
       {get_lit_key,&lt;&lt;"colors"&gt;&gt;},
       {op,'not',1},
       {if_true,
        [{block_open,0,0},
         {current_line,103,&lt;&lt;"-no-file-"&gt;&gt;},
         {push_lit,&lt;&lt;"reset"&gt;&gt;},
         {push_lit,&lt;&lt;"\e[0m"&gt;&gt;},
         {push_lit,&lt;&lt;"black"&gt;&gt;},
         {push_lit,&lt;&lt;"\e[30m"&gt;&gt;},
         {push_lit,&lt;&lt;"red"&gt;&gt;},
         {push_lit,&lt;&lt;"\e[31m"&gt;&gt;},
         {push_lit,&lt;&lt;"green"&gt;&gt;},
         {push_lit,&lt;&lt;"\e[32m"&gt;&gt;},
         {push_lit,&lt;&lt;"yellow"&gt;&gt;},
         {push_lit,&lt;&lt;"\e[33m"&gt;&gt;},
         {push_lit,&lt;&lt;"blue"&gt;&gt;},
         {push_lit,&lt;&lt;"\e[34m"&gt;&gt;},
         {push_lit,&lt;&lt;"magenta"&gt;&gt;},
         {push_lit,&lt;&lt;"\e[35m"&gt;&gt;},
         {push_lit,&lt;&lt;"cyan"&gt;&gt;},
         {push_lit,&lt;&lt;"\e[36m"&gt;&gt;},
         {push_lit,&lt;&lt;"white"&gt;&gt;},
         {push_lit,&lt;&lt;"\e[37m"&gt;&gt;},
         {push_lit,&lt;&lt;"bright_black"&gt;&gt;},
         {push_lit,&lt;&lt;"\e[90m"&gt;&gt;},
         {push_lit,&lt;&lt;"bright_red"&gt;&gt;},
         {push_lit,&lt;&lt;"\e[91m"&gt;&gt;},
         {push_lit,&lt;&lt;"bright_green"&gt;&gt;},
         {push_lit,&lt;&lt;"\e[92m"&gt;&gt;},
         {push_lit,&lt;&lt;"bright_yellow"&gt;&gt;},
         {push_lit,&lt;&lt;"\e[93m"&gt;&gt;},
         {push_lit,&lt;&lt;"bright_blue"&gt;&gt;},
         {push_lit,&lt;&lt;"\e[94m"&gt;&gt;},
         {push_lit,&lt;&lt;"bright_magenta"&gt;&gt;},
         {push_lit,&lt;&lt;"\e[95m"&gt;&gt;},
         {push_lit,&lt;&lt;"bright_cyan"&gt;&gt;},
         {push_lit,&lt;&lt;"\e[96m"&gt;&gt;},
         {push_lit,&lt;&lt;"bright_white"&gt;&gt;},
         {push_lit,&lt;&lt;"\e[97m"&gt;&gt;},
         {push_lit,&lt;&lt;"bg_black"&gt;&gt;},
         {push_lit,&lt;&lt;"\e[40m"&gt;&gt;},
         {push_lit,&lt;&lt;"bg_red"&gt;&gt;},
         {push_lit,&lt;&lt;"\e[41m"&gt;&gt;},
         {push_lit,&lt;&lt;"bg_green"&gt;&gt;},
         {push_lit,&lt;&lt;"\e[42m"&gt;&gt;},
         {push_lit,&lt;&lt;"bg_yellow"&gt;&gt;},
         {push_lit,&lt;&lt;"\e[43m"&gt;&gt;},
         {push_lit,&lt;&lt;"bg_blue"&gt;&gt;},
         {push_lit,&lt;&lt;"\e[44m"&gt;&gt;},
         {push_lit,&lt;&lt;"bg_magenta"&gt;&gt;},
         {push_lit,&lt;&lt;"\e[45m"&gt;&gt;},
         {push_lit,&lt;&lt;"bg_cyan"&gt;&gt;},
         {push_lit,&lt;&lt;"\e[46m"&gt;&gt;},
         {push_lit,&lt;&lt;"bg_white"&gt;&gt;},
         {push_lit,&lt;&lt;"\e[47m"&gt;&gt;},
         {push_lit,&lt;&lt;"bold"&gt;&gt;},
         {push_lit,&lt;&lt;"\e[1m"&gt;&gt;},
         {push_lit,&lt;&lt;"dim"&gt;&gt;},
         {push_lit,&lt;&lt;"\e[2m"&gt;&gt;},
         {push_lit,&lt;&lt;"italic"&gt;&gt;},
         {push_lit,&lt;&lt;"\e[3m"&gt;&gt;},
         {push_lit,&lt;&lt;"underline"&gt;&gt;},
         {push_lit,&lt;&lt;"\e[4m"&gt;&gt;},
         {push_lit,&lt;&lt;"blink"&gt;&gt;},
         {push_lit,&lt;&lt;"\e[5m"&gt;&gt;},
         {push_lit,&lt;&lt;...&gt;&gt;},
         {push_lit,...},
         {...}|...]},
       {return,0}]},
     [[{&lt;&lt;"_version"&gt;&gt;,&lt;&lt;"1.0.0"&gt;&gt;},
       {&lt;&lt;"compose"&gt;&gt;,#Fun&lt;luerl.6.117429323&gt;},
       {&lt;&lt;"concat"&gt;&gt;,#Fun&lt;luerl.6.117429323&gt;},
       {&lt;&lt;"curry"&gt;&gt;,#Fun&lt;luerl.6.117429323&gt;},
       {&lt;&lt;"filter"&gt;&gt;,#Fun&lt;luerl.6.117429323&gt;},
       {&lt;&lt;"find"&gt;&gt;,#Fun&lt;luerl.6.117429323&gt;},
       {&lt;&lt;"includes"&gt;&gt;,#Fun&lt;luerl.6.117429323&gt;},
       {&lt;&lt;"keys"&gt;&gt;,#Fun&lt;luerl.6.117429323&gt;},
       {&lt;&lt;"map"&gt;&gt;,#Fun&lt;luerl.6.117429323&gt;},
       {&lt;&lt;"matchesPattern"&gt;&gt;,#Fun&lt;luerl.6.117429323&gt;},
       {&lt;&lt;"matchesSpec"&gt;&gt;,#Fun&lt;luerl.6.117429323&gt;},
       {&lt;&lt;"prop"&gt;&gt;,#Fun&lt;luerl.6.117429323&gt;},
       {&lt;&lt;"propEq"&gt;&gt;,#Fun&lt;luerl.6.117429323&gt;},
       {&lt;&lt;"reduce"&gt;&gt;,#Fun&lt;luerl.6.117429323&gt;},
       {&lt;&lt;"reverse"&gt;&gt;,#Fun&lt;luerl.6.117429323&gt;},
       {&lt;&lt;"values"&gt;&gt;,#Fun&lt;luerl.6.117429323&gt;}]]],
    [{file,
      "/Users/rakis/demos/hyper-aos-demo/aos_test_suite/_build/default/lib/luerl/src/luerl_heap.erl"},
     {line,447}]},
   {luerl_emul,load_chunk_i,3,
    [{file,
      "/Users/rakis/demos/hyper-aos-demo/aos_test_suite/_build/default/lib/luerl/src/luerl_emul.erl"},
     {line,246}]},
   {luerl_emul,load_chunk_is,3,
    [{file,
      "/Users/rakis/demos/hyper-aos-demo/aos_test_suite/_build/default/lib/luerl/src/luerl_emul.erl"},
     {line,234}]},
   {luerl_emul,load_chunk_is,3,
    [{file,
      "/Users/rakis/demos/hyper-aos-demo/aos_test_suite/_build/default/lib/luerl/src/luerl_emul.erl"},
     {line,235}]},
   {luerl_emul,load_chunk_i,3,
    [{file,
      "/Users/rakis/demos/hyper-aos-demo/aos_test_suite/_build/default/lib/luerl/src/luerl_emul.erl"},
     {line,244}]},
   {luerl_emul,load_chunk,3,
    [{file,
      "/Users/rakis/demos/hyper-aos-demo/aos_test_suite/_build/default/lib/luerl/src/luerl_emul.erl"},
     {line,223}]},
   {luerl,load,3,
    [{file,
      "/Users/rakis/demos/hyper-aos-demo/aos_test_suite/_build/default/lib/luerl/src/luerl.erl"},
     {line,87}]},
   {luerl,do,2,
    [{file,
      "/Users/rakis/demos/hyper-aos-demo/aos_test_suite/_build/default/lib/luerl/src/luerl.erl"},
     {line,66}]}]}}
    </error>
    <system-out>
    </system-out>
  </testcase>
  <testcase time="0.004" name="aos_utils_integration_test:90 -pattern_matching_test/0-fun-1- (Pattern matching with specs)">
    <error type="error">
::in function aos_utils_integration_test:setup_test_environment/0 (/Users/rakis/demos/hyper-aos-demo/aos_test_suite/test/integration/aos_utils_integration_test.erl, line 297)
in call from aos_utils_integration_test:'-pattern_matching_test/0-fun-1-'/0 (/Users/rakis/demos/hyper-aos-demo/aos_test_suite/test/integration/aos_utils_integration_test.erl, line 92)
in call from eunit_test:run_testfun/1 (eunit_test.erl, line 72)
in call from eunit_proc:run_test/1 (eunit_proc.erl, line 544)
in call from eunit_proc:with_timeout/3 (eunit_proc.erl, line 369)
in call from eunit_proc:handle_test/2 (eunit_proc.erl, line 527)
in call from eunit_proc:tests_inorder/3 (eunit_proc.erl, line 469)
in call from eunit_proc:with_timeout/3 (eunit_proc.erl, line 359)
**error:{badmatch,
 {error,function_clause,
  [{luerl_heap,alloc_funcdef,
    [{lua_func,
      [53,{file,&lt;&lt;"-no-file-"&gt;&gt;},{name,&lt;&lt;"meta.init"&gt;&gt;}],
      [],1,0,
      [1],
      [{push_args,[1]},
       {store_lvar,1,1},
       {current_line,55,&lt;&lt;"-no-file-"&gt;&gt;},
       {push_evar,2,1},
       {get_lit_key,&lt;&lt;"initialized"&gt;&gt;},
       {op,'not',1},
       {and_then,[{push_lvar,1,1},{get_lit_key,&lt;&lt;"type"&gt;&gt;}]},
       {and_then,
        [{push_gvar,&lt;&lt;"string"&gt;&gt;},
         {get_lit_key,&lt;&lt;"lower"&gt;&gt;},
         {push_lvar,1,1},
         {get_lit_key,&lt;&lt;"type"&gt;&gt;},
         multiple,
         {pop_args,1},
         fcall,single,
         {push_lit,&lt;&lt;"process"&gt;&gt;},
         {op,'==',2}]},
       {and_then,[{push_lvar,1,1},{get_lit_key,&lt;&lt;"commitments"&gt;&gt;}]},
       {if_true,
        [{block_open,0,0},
         {current_line,57,&lt;&lt;"-no-file-"&gt;&gt;},
         {push_gvar,&lt;&lt;"pairs"&gt;&gt;},
         {push_lvar,2,1},
         {get_lit_key,&lt;&lt;"commitments"&gt;&gt;},
         multiple,
         {pop_args,1},
         fcall,
         {pop_vals,1},
         {gfor,
          [{lvar,57,&lt;&lt;"key"&gt;&gt;,1,1},{lvar,57,&lt;&lt;"commitment"&gt;&gt;,1,2}],
          [{block_open,2,0},
           {push_vals,2},
           {store_lvar,1,2},
           {store_lvar,1,1},
           {current_line,58,&lt;&lt;"-no-file-"&gt;&gt;},
           {push_lvar,1,2},
           {get_lit_key,&lt;&lt;"type"&gt;&gt;},
           {and_then,
            [{push_gvar,&lt;&lt;"string"&gt;&gt;},
             {get_lit_key,&lt;&lt;"lower"&gt;&gt;},
             {push_lvar,1,2},
             {get_lit_key,&lt;&lt;"type"&gt;&gt;},
             multiple,
             {pop_args,1},
             fcall,single,
             {push_lit,&lt;&lt;"hmac-sha256"&gt;&gt;},
             {op,'~=',2}]},
           {and_then,[{push_lvar,1,2},{get_lit_key,&lt;&lt;"committer"&gt;&gt;}]},
           {if_true,
            [{block_open,0,0},
             {current_line,60,&lt;&lt;"-no-file-"&gt;&gt;},
             {push_lvar,2,1},
             {push_gvar,&lt;&lt;"_G"&gt;&gt;},
             {set_lit_key,&lt;&lt;"id"&gt;&gt;},
             {current_line,61,&lt;&lt;"-no-file-"&gt;&gt;},
             {push_lvar,2,2},
             {get_lit_key,&lt;&lt;"committer"&gt;&gt;},
             {push_gvar,&lt;&lt;"_G"&gt;&gt;},
             {set_lit_key,&lt;&lt;"owner"&gt;&gt;},
             {current_line,62,&lt;&lt;"-no-file-"&gt;&gt;},
             {push_lit,true},
             {push_evar,5,1},
             {set_lit_key,&lt;&lt;"initialized"&gt;&gt;},
             {current_line,65,&lt;&lt;"-no-file-"&gt;&gt;},
             {push_gvar,&lt;&lt;"_G"&gt;&gt;},
             {get_lit_key,&lt;&lt;"authorities"&gt;&gt;},
             {or_else,[{push_lit,[]},{build_tab,0,1}]},
             {push_gvar,&lt;&lt;"_G"&gt;&gt;},
             {set_lit_key,&lt;&lt;"authorities"&gt;&gt;},
             {current_line,68,&lt;&lt;"-no-file-"&gt;&gt;},
             {push_lvar,4,1},
             {get_lit_key,&lt;&lt;"authority"&gt;&gt;},
             {if_true,
              [{block_open,2,0},
               {current_line,70,&lt;&lt;"-no-file-"&gt;&gt;},
               {push_lvar,5,1},
               {get_lit_key,&lt;&lt;"authority"&gt;&gt;},
               {store_lvar,1,1},
               {current_line,71,&lt;&lt;"-no-file-"&gt;&gt;},
               {push_lit,1},
               {store_lvar,1,2},
               {current_line,72,&lt;&lt;"-no-file-"&gt;&gt;},
               {while,
                [{push_lit,true}],
                [{block_open,2,0},
                 {current_line,73,&lt;&lt;"-no-"...&gt;&gt;},
                 {push_gvar,&lt;&lt;"stri"...&gt;&gt;},
                 {get_lit_key,&lt;&lt;...&gt;&gt;},
                 {push_lvar,...},
                 {...}|...]},
               block_close]},
             {current_line,96,&lt;&lt;"-no-file-"&gt;&gt;},
             break,block_close]},
           block_close]},
         block_close]},
       {current_line,102,&lt;&lt;"-no-file-"&gt;&gt;},
       {push_gvar,&lt;&lt;"_G"&gt;&gt;},
       {get_lit_key,&lt;&lt;"colors"&gt;&gt;},
       {op,'not',1},
       {if_true,
        [{block_open,0,0},
         {current_line,103,&lt;&lt;"-no-file-"&gt;&gt;},
         {push_lit,&lt;&lt;"reset"&gt;&gt;},
         {push_lit,&lt;&lt;"\e[0m"&gt;&gt;},
         {push_lit,&lt;&lt;"black"&gt;&gt;},
         {push_lit,&lt;&lt;"\e[30m"&gt;&gt;},
         {push_lit,&lt;&lt;"red"&gt;&gt;},
         {push_lit,&lt;&lt;"\e[31m"&gt;&gt;},
         {push_lit,&lt;&lt;"green"&gt;&gt;},
         {push_lit,&lt;&lt;"\e[32m"&gt;&gt;},
         {push_lit,&lt;&lt;"yellow"&gt;&gt;},
         {push_lit,&lt;&lt;"\e[33m"&gt;&gt;},
         {push_lit,&lt;&lt;"blue"&gt;&gt;},
         {push_lit,&lt;&lt;"\e[34m"&gt;&gt;},
         {push_lit,&lt;&lt;"magenta"&gt;&gt;},
         {push_lit,&lt;&lt;"\e[35m"&gt;&gt;},
         {push_lit,&lt;&lt;"cyan"&gt;&gt;},
         {push_lit,&lt;&lt;"\e[36m"&gt;&gt;},
         {push_lit,&lt;&lt;"white"&gt;&gt;},
         {push_lit,&lt;&lt;"\e[37m"&gt;&gt;},
         {push_lit,&lt;&lt;"bright_black"&gt;&gt;},
         {push_lit,&lt;&lt;"\e[90m"&gt;&gt;},
         {push_lit,&lt;&lt;"bright_red"&gt;&gt;},
         {push_lit,&lt;&lt;"\e[91m"&gt;&gt;},
         {push_lit,&lt;&lt;"bright_green"&gt;&gt;},
         {push_lit,&lt;&lt;"\e[92m"&gt;&gt;},
         {push_lit,&lt;&lt;"bright_yellow"&gt;&gt;},
         {push_lit,&lt;&lt;"\e[93m"&gt;&gt;},
         {push_lit,&lt;&lt;"bright_blue"&gt;&gt;},
         {push_lit,&lt;&lt;"\e[94m"&gt;&gt;},
         {push_lit,&lt;&lt;"bright_magenta"&gt;&gt;},
         {push_lit,&lt;&lt;"\e[95m"&gt;&gt;},
         {push_lit,&lt;&lt;"bright_cyan"&gt;&gt;},
         {push_lit,&lt;&lt;"\e[96m"&gt;&gt;},
         {push_lit,&lt;&lt;"bright_white"&gt;&gt;},
         {push_lit,&lt;&lt;"\e[97m"&gt;&gt;},
         {push_lit,&lt;&lt;"bg_black"&gt;&gt;},
         {push_lit,&lt;&lt;"\e[40m"&gt;&gt;},
         {push_lit,&lt;&lt;"bg_red"&gt;&gt;},
         {push_lit,&lt;&lt;"\e[41m"&gt;&gt;},
         {push_lit,&lt;&lt;"bg_green"&gt;&gt;},
         {push_lit,&lt;&lt;"\e[42m"&gt;&gt;},
         {push_lit,&lt;&lt;"bg_yellow"&gt;&gt;},
         {push_lit,&lt;&lt;"\e[43m"&gt;&gt;},
         {push_lit,&lt;&lt;"bg_blue"&gt;&gt;},
         {push_lit,&lt;&lt;"\e[44m"&gt;&gt;},
         {push_lit,&lt;&lt;"bg_magenta"&gt;&gt;},
         {push_lit,&lt;&lt;"\e[45m"&gt;&gt;},
         {push_lit,&lt;&lt;"bg_cyan"&gt;&gt;},
         {push_lit,&lt;&lt;"\e[46m"&gt;&gt;},
         {push_lit,&lt;&lt;"bg_white"&gt;&gt;},
         {push_lit,&lt;&lt;"\e[47m"&gt;&gt;},
         {push_lit,&lt;&lt;"bold"&gt;&gt;},
         {push_lit,&lt;&lt;"\e[1m"&gt;&gt;},
         {push_lit,&lt;&lt;"dim"&gt;&gt;},
         {push_lit,&lt;&lt;"\e[2m"&gt;&gt;},
         {push_lit,&lt;&lt;"italic"&gt;&gt;},
         {push_lit,&lt;&lt;"\e[3m"&gt;&gt;},
         {push_lit,&lt;&lt;"underline"&gt;&gt;},
         {push_lit,&lt;&lt;"\e[4m"&gt;&gt;},
         {push_lit,&lt;&lt;"blink"&gt;&gt;},
         {push_lit,&lt;&lt;"\e[5m"&gt;&gt;},
         {push_lit,&lt;&lt;...&gt;&gt;},
         {push_lit,...},
         {...}|...]},
       {return,0}]},
     [[{&lt;&lt;"_version"&gt;&gt;,&lt;&lt;"1.0.0"&gt;&gt;},
       {&lt;&lt;"compose"&gt;&gt;,#Fun&lt;luerl.6.117429323&gt;},
       {&lt;&lt;"concat"&gt;&gt;,#Fun&lt;luerl.6.117429323&gt;},
       {&lt;&lt;"curry"&gt;&gt;,#Fun&lt;luerl.6.117429323&gt;},
       {&lt;&lt;"filter"&gt;&gt;,#Fun&lt;luerl.6.117429323&gt;},
       {&lt;&lt;"find"&gt;&gt;,#Fun&lt;luerl.6.117429323&gt;},
       {&lt;&lt;"includes"&gt;&gt;,#Fun&lt;luerl.6.117429323&gt;},
       {&lt;&lt;"keys"&gt;&gt;,#Fun&lt;luerl.6.117429323&gt;},
       {&lt;&lt;"map"&gt;&gt;,#Fun&lt;luerl.6.117429323&gt;},
       {&lt;&lt;"matchesPattern"&gt;&gt;,#Fun&lt;luerl.6.117429323&gt;},
       {&lt;&lt;"matchesSpec"&gt;&gt;,#Fun&lt;luerl.6.117429323&gt;},
       {&lt;&lt;"prop"&gt;&gt;,#Fun&lt;luerl.6.117429323&gt;},
       {&lt;&lt;"propEq"&gt;&gt;,#Fun&lt;luerl.6.117429323&gt;},
       {&lt;&lt;"reduce"&gt;&gt;,#Fun&lt;luerl.6.117429323&gt;},
       {&lt;&lt;"reverse"&gt;&gt;,#Fun&lt;luerl.6.117429323&gt;},
       {&lt;&lt;"values"&gt;&gt;,#Fun&lt;luerl.6.117429323&gt;}]]],
    [{file,
      "/Users/rakis/demos/hyper-aos-demo/aos_test_suite/_build/default/lib/luerl/src/luerl_heap.erl"},
     {line,447}]},
   {luerl_emul,load_chunk_i,3,
    [{file,
      "/Users/rakis/demos/hyper-aos-demo/aos_test_suite/_build/default/lib/luerl/src/luerl_emul.erl"},
     {line,246}]},
   {luerl_emul,load_chunk_is,3,
    [{file,
      "/Users/rakis/demos/hyper-aos-demo/aos_test_suite/_build/default/lib/luerl/src/luerl_emul.erl"},
     {line,234}]},
   {luerl_emul,load_chunk_is,3,
    [{file,
      "/Users/rakis/demos/hyper-aos-demo/aos_test_suite/_build/default/lib/luerl/src/luerl_emul.erl"},
     {line,235}]},
   {luerl_emul,load_chunk_i,3,
    [{file,
      "/Users/rakis/demos/hyper-aos-demo/aos_test_suite/_build/default/lib/luerl/src/luerl_emul.erl"},
     {line,244}]},
   {luerl_emul,load_chunk,3,
    [{file,
      "/Users/rakis/demos/hyper-aos-demo/aos_test_suite/_build/default/lib/luerl/src/luerl_emul.erl"},
     {line,223}]},
   {luerl,load,3,
    [{file,
      "/Users/rakis/demos/hyper-aos-demo/aos_test_suite/_build/default/lib/luerl/src/luerl.erl"},
     {line,87}]},
   {luerl,do,2,
    [{file,
      "/Users/rakis/demos/hyper-aos-demo/aos_test_suite/_build/default/lib/luerl/src/luerl.erl"},
     {line,66}]}]}}
    </error>
    <system-out>
    </system-out>
  </testcase>
  <testcase time="0.002" name="aos_utils_integration_test:117 -curry_functionality_test/0-fun-3- (Curry functionality)">
    <error type="error">
::in function aos_utils_integration_test:setup_test_environment/0 (/Users/rakis/demos/hyper-aos-demo/aos_test_suite/test/integration/aos_utils_integration_test.erl, line 297)
in call from aos_utils_integration_test:'-curry_functionality_test/0-fun-3-'/0 (/Users/rakis/demos/hyper-aos-demo/aos_test_suite/test/integration/aos_utils_integration_test.erl, line 119)
in call from eunit_test:run_testfun/1 (eunit_test.erl, line 72)
in call from eunit_proc:run_test/1 (eunit_proc.erl, line 544)
in call from eunit_proc:with_timeout/3 (eunit_proc.erl, line 369)
in call from eunit_proc:handle_test/2 (eunit_proc.erl, line 527)
in call from eunit_proc:tests_inorder/3 (eunit_proc.erl, line 469)
in call from eunit_proc:with_timeout/3 (eunit_proc.erl, line 359)
**error:{badmatch,
 {error,function_clause,
  [{luerl_heap,alloc_funcdef,
    [{lua_func,
      [53,{file,&lt;&lt;"-no-file-"&gt;&gt;},{name,&lt;&lt;"meta.init"&gt;&gt;}],
      [],1,0,
      [1],
      [{push_args,[1]},
       {store_lvar,1,1},
       {current_line,55,&lt;&lt;"-no-file-"&gt;&gt;},
       {push_evar,2,1},
       {get_lit_key,&lt;&lt;"initialized"&gt;&gt;},
       {op,'not',1},
       {and_then,[{push_lvar,1,1},{get_lit_key,&lt;&lt;"type"&gt;&gt;}]},
       {and_then,
        [{push_gvar,&lt;&lt;"string"&gt;&gt;},
         {get_lit_key,&lt;&lt;"lower"&gt;&gt;},
         {push_lvar,1,1},
         {get_lit_key,&lt;&lt;"type"&gt;&gt;},
         multiple,
         {pop_args,1},
         fcall,single,
         {push_lit,&lt;&lt;"process"&gt;&gt;},
         {op,'==',2}]},
       {and_then,[{push_lvar,1,1},{get_lit_key,&lt;&lt;"commitments"&gt;&gt;}]},
       {if_true,
        [{block_open,0,0},
         {current_line,57,&lt;&lt;"-no-file-"&gt;&gt;},
         {push_gvar,&lt;&lt;"pairs"&gt;&gt;},
         {push_lvar,2,1},
         {get_lit_key,&lt;&lt;"commitments"&gt;&gt;},
         multiple,
         {pop_args,1},
         fcall,
         {pop_vals,1},
         {gfor,
          [{lvar,57,&lt;&lt;"key"&gt;&gt;,1,1},{lvar,57,&lt;&lt;"commitment"&gt;&gt;,1,2}],
          [{block_open,2,0},
           {push_vals,2},
           {store_lvar,1,2},
           {store_lvar,1,1},
           {current_line,58,&lt;&lt;"-no-file-"&gt;&gt;},
           {push_lvar,1,2},
           {get_lit_key,&lt;&lt;"type"&gt;&gt;},
           {and_then,
            [{push_gvar,&lt;&lt;"string"&gt;&gt;},
             {get_lit_key,&lt;&lt;"lower"&gt;&gt;},
             {push_lvar,1,2},
             {get_lit_key,&lt;&lt;"type"&gt;&gt;},
             multiple,
             {pop_args,1},
             fcall,single,
             {push_lit,&lt;&lt;"hmac-sha256"&gt;&gt;},
             {op,'~=',2}]},
           {and_then,[{push_lvar,1,2},{get_lit_key,&lt;&lt;"committer"&gt;&gt;}]},
           {if_true,
            [{block_open,0,0},
             {current_line,60,&lt;&lt;"-no-file-"&gt;&gt;},
             {push_lvar,2,1},
             {push_gvar,&lt;&lt;"_G"&gt;&gt;},
             {set_lit_key,&lt;&lt;"id"&gt;&gt;},
             {current_line,61,&lt;&lt;"-no-file-"&gt;&gt;},
             {push_lvar,2,2},
             {get_lit_key,&lt;&lt;"committer"&gt;&gt;},
             {push_gvar,&lt;&lt;"_G"&gt;&gt;},
             {set_lit_key,&lt;&lt;"owner"&gt;&gt;},
             {current_line,62,&lt;&lt;"-no-file-"&gt;&gt;},
             {push_lit,true},
             {push_evar,5,1},
             {set_lit_key,&lt;&lt;"initialized"&gt;&gt;},
             {current_line,65,&lt;&lt;"-no-file-"&gt;&gt;},
             {push_gvar,&lt;&lt;"_G"&gt;&gt;},
             {get_lit_key,&lt;&lt;"authorities"&gt;&gt;},
             {or_else,[{push_lit,[]},{build_tab,0,1}]},
             {push_gvar,&lt;&lt;"_G"&gt;&gt;},
             {set_lit_key,&lt;&lt;"authorities"&gt;&gt;},
             {current_line,68,&lt;&lt;"-no-file-"&gt;&gt;},
             {push_lvar,4,1},
             {get_lit_key,&lt;&lt;"authority"&gt;&gt;},
             {if_true,
              [{block_open,2,0},
               {current_line,70,&lt;&lt;"-no-file-"&gt;&gt;},
               {push_lvar,5,1},
               {get_lit_key,&lt;&lt;"authority"&gt;&gt;},
               {store_lvar,1,1},
               {current_line,71,&lt;&lt;"-no-file-"&gt;&gt;},
               {push_lit,1},
               {store_lvar,1,2},
               {current_line,72,&lt;&lt;"-no-file-"&gt;&gt;},
               {while,
                [{push_lit,true}],
                [{block_open,2,0},
                 {current_line,73,&lt;&lt;"-no-"...&gt;&gt;},
                 {push_gvar,&lt;&lt;"stri"...&gt;&gt;},
                 {get_lit_key,&lt;&lt;...&gt;&gt;},
                 {push_lvar,...},
                 {...}|...]},
               block_close]},
             {current_line,96,&lt;&lt;"-no-file-"&gt;&gt;},
             break,block_close]},
           block_close]},
         block_close]},
       {current_line,102,&lt;&lt;"-no-file-"&gt;&gt;},
       {push_gvar,&lt;&lt;"_G"&gt;&gt;},
       {get_lit_key,&lt;&lt;"colors"&gt;&gt;},
       {op,'not',1},
       {if_true,
        [{block_open,0,0},
         {current_line,103,&lt;&lt;"-no-file-"&gt;&gt;},
         {push_lit,&lt;&lt;"reset"&gt;&gt;},
         {push_lit,&lt;&lt;"\e[0m"&gt;&gt;},
         {push_lit,&lt;&lt;"black"&gt;&gt;},
         {push_lit,&lt;&lt;"\e[30m"&gt;&gt;},
         {push_lit,&lt;&lt;"red"&gt;&gt;},
         {push_lit,&lt;&lt;"\e[31m"&gt;&gt;},
         {push_lit,&lt;&lt;"green"&gt;&gt;},
         {push_lit,&lt;&lt;"\e[32m"&gt;&gt;},
         {push_lit,&lt;&lt;"yellow"&gt;&gt;},
         {push_lit,&lt;&lt;"\e[33m"&gt;&gt;},
         {push_lit,&lt;&lt;"blue"&gt;&gt;},
         {push_lit,&lt;&lt;"\e[34m"&gt;&gt;},
         {push_lit,&lt;&lt;"magenta"&gt;&gt;},
         {push_lit,&lt;&lt;"\e[35m"&gt;&gt;},
         {push_lit,&lt;&lt;"cyan"&gt;&gt;},
         {push_lit,&lt;&lt;"\e[36m"&gt;&gt;},
         {push_lit,&lt;&lt;"white"&gt;&gt;},
         {push_lit,&lt;&lt;"\e[37m"&gt;&gt;},
         {push_lit,&lt;&lt;"bright_black"&gt;&gt;},
         {push_lit,&lt;&lt;"\e[90m"&gt;&gt;},
         {push_lit,&lt;&lt;"bright_red"&gt;&gt;},
         {push_lit,&lt;&lt;"\e[91m"&gt;&gt;},
         {push_lit,&lt;&lt;"bright_green"&gt;&gt;},
         {push_lit,&lt;&lt;"\e[92m"&gt;&gt;},
         {push_lit,&lt;&lt;"bright_yellow"&gt;&gt;},
         {push_lit,&lt;&lt;"\e[93m"&gt;&gt;},
         {push_lit,&lt;&lt;"bright_blue"&gt;&gt;},
         {push_lit,&lt;&lt;"\e[94m"&gt;&gt;},
         {push_lit,&lt;&lt;"bright_magenta"&gt;&gt;},
         {push_lit,&lt;&lt;"\e[95m"&gt;&gt;},
         {push_lit,&lt;&lt;"bright_cyan"&gt;&gt;},
         {push_lit,&lt;&lt;"\e[96m"&gt;&gt;},
         {push_lit,&lt;&lt;"bright_white"&gt;&gt;},
         {push_lit,&lt;&lt;"\e[97m"&gt;&gt;},
         {push_lit,&lt;&lt;"bg_black"&gt;&gt;},
         {push_lit,&lt;&lt;"\e[40m"&gt;&gt;},
         {push_lit,&lt;&lt;"bg_red"&gt;&gt;},
         {push_lit,&lt;&lt;"\e[41m"&gt;&gt;},
         {push_lit,&lt;&lt;"bg_green"&gt;&gt;},
         {push_lit,&lt;&lt;"\e[42m"&gt;&gt;},
         {push_lit,&lt;&lt;"bg_yellow"&gt;&gt;},
         {push_lit,&lt;&lt;"\e[43m"&gt;&gt;},
         {push_lit,&lt;&lt;"bg_blue"&gt;&gt;},
         {push_lit,&lt;&lt;"\e[44m"&gt;&gt;},
         {push_lit,&lt;&lt;"bg_magenta"&gt;&gt;},
         {push_lit,&lt;&lt;"\e[45m"&gt;&gt;},
         {push_lit,&lt;&lt;"bg_cyan"&gt;&gt;},
         {push_lit,&lt;&lt;"\e[46m"&gt;&gt;},
         {push_lit,&lt;&lt;"bg_white"&gt;&gt;},
         {push_lit,&lt;&lt;"\e[47m"&gt;&gt;},
         {push_lit,&lt;&lt;"bold"&gt;&gt;},
         {push_lit,&lt;&lt;"\e[1m"&gt;&gt;},
         {push_lit,&lt;&lt;"dim"&gt;&gt;},
         {push_lit,&lt;&lt;"\e[2m"&gt;&gt;},
         {push_lit,&lt;&lt;"italic"&gt;&gt;},
         {push_lit,&lt;&lt;"\e[3m"&gt;&gt;},
         {push_lit,&lt;&lt;"underline"&gt;&gt;},
         {push_lit,&lt;&lt;"\e[4m"&gt;&gt;},
         {push_lit,&lt;&lt;"blink"&gt;&gt;},
         {push_lit,&lt;&lt;"\e[5m"&gt;&gt;},
         {push_lit,&lt;&lt;...&gt;&gt;},
         {push_lit,...},
         {...}|...]},
       {return,0}]},
     [[{&lt;&lt;"_version"&gt;&gt;,&lt;&lt;"1.0.0"&gt;&gt;},
       {&lt;&lt;"compose"&gt;&gt;,#Fun&lt;luerl.6.117429323&gt;},
       {&lt;&lt;"concat"&gt;&gt;,#Fun&lt;luerl.6.117429323&gt;},
       {&lt;&lt;"curry"&gt;&gt;,#Fun&lt;luerl.6.117429323&gt;},
       {&lt;&lt;"filter"&gt;&gt;,#Fun&lt;luerl.6.117429323&gt;},
       {&lt;&lt;"find"&gt;&gt;,#Fun&lt;luerl.6.117429323&gt;},
       {&lt;&lt;"includes"&gt;&gt;,#Fun&lt;luerl.6.117429323&gt;},
       {&lt;&lt;"keys"&gt;&gt;,#Fun&lt;luerl.6.117429323&gt;},
       {&lt;&lt;"map"&gt;&gt;,#Fun&lt;luerl.6.117429323&gt;},
       {&lt;&lt;"matchesPattern"&gt;&gt;,#Fun&lt;luerl.6.117429323&gt;},
       {&lt;&lt;"matchesSpec"&gt;&gt;,#Fun&lt;luerl.6.117429323&gt;},
       {&lt;&lt;"prop"&gt;&gt;,#Fun&lt;luerl.6.117429323&gt;},
       {&lt;&lt;"propEq"&gt;&gt;,#Fun&lt;luerl.6.117429323&gt;},
       {&lt;&lt;"reduce"&gt;&gt;,#Fun&lt;luerl.6.117429323&gt;},
       {&lt;&lt;"reverse"&gt;&gt;,#Fun&lt;luerl.6.117429323&gt;},
       {&lt;&lt;"values"&gt;&gt;,#Fun&lt;luerl.6.117429323&gt;}]]],
    [{file,
      "/Users/rakis/demos/hyper-aos-demo/aos_test_suite/_build/default/lib/luerl/src/luerl_heap.erl"},
     {line,447}]},
   {luerl_emul,load_chunk_i,3,
    [{file,
      "/Users/rakis/demos/hyper-aos-demo/aos_test_suite/_build/default/lib/luerl/src/luerl_emul.erl"},
     {line,246}]},
   {luerl_emul,load_chunk_is,3,
    [{file,
      "/Users/rakis/demos/hyper-aos-demo/aos_test_suite/_build/default/lib/luerl/src/luerl_emul.erl"},
     {line,234}]},
   {luerl_emul,load_chunk_is,3,
    [{file,
      "/Users/rakis/demos/hyper-aos-demo/aos_test_suite/_build/default/lib/luerl/src/luerl_emul.erl"},
     {line,235}]},
   {luerl_emul,load_chunk_i,3,
    [{file,
      "/Users/rakis/demos/hyper-aos-demo/aos_test_suite/_build/default/lib/luerl/src/luerl_emul.erl"},
     {line,244}]},
   {luerl_emul,load_chunk,3,
    [{file,
      "/Users/rakis/demos/hyper-aos-demo/aos_test_suite/_build/default/lib/luerl/src/luerl_emul.erl"},
     {line,223}]},
   {luerl,load,3,
    [{file,
      "/Users/rakis/demos/hyper-aos-demo/aos_test_suite/_build/default/lib/luerl/src/luerl.erl"},
     {line,87}]},
   {luerl,do,2,
    [{file,
      "/Users/rakis/demos/hyper-aos-demo/aos_test_suite/_build/default/lib/luerl/src/luerl.erl"},
     {line,66}]}]}}
    </error>
    <system-out>
    </system-out>
  </testcase>
  <testcase time="0.002" name="aos_utils_integration_test:141 -composition_test/0-fun-1- (Function composition)">
    <error type="error">
::in function aos_utils_integration_test:setup_test_environment/0 (/Users/rakis/demos/hyper-aos-demo/aos_test_suite/test/integration/aos_utils_integration_test.erl, line 297)
in call from aos_utils_integration_test:'-composition_test/0-fun-1-'/0 (/Users/rakis/demos/hyper-aos-demo/aos_test_suite/test/integration/aos_utils_integration_test.erl, line 143)
in call from eunit_test:run_testfun/1 (eunit_test.erl, line 72)
in call from eunit_proc:run_test/1 (eunit_proc.erl, line 544)
in call from eunit_proc:with_timeout/3 (eunit_proc.erl, line 369)
in call from eunit_proc:handle_test/2 (eunit_proc.erl, line 527)
in call from eunit_proc:tests_inorder/3 (eunit_proc.erl, line 469)
in call from eunit_proc:with_timeout/3 (eunit_proc.erl, line 359)
**error:{badmatch,
 {error,function_clause,
  [{luerl_heap,alloc_funcdef,
    [{lua_func,
      [53,{file,&lt;&lt;"-no-file-"&gt;&gt;},{name,&lt;&lt;"meta.init"&gt;&gt;}],
      [],1,0,
      [1],
      [{push_args,[1]},
       {store_lvar,1,1},
       {current_line,55,&lt;&lt;"-no-file-"&gt;&gt;},
       {push_evar,2,1},
       {get_lit_key,&lt;&lt;"initialized"&gt;&gt;},
       {op,'not',1},
       {and_then,[{push_lvar,1,1},{get_lit_key,&lt;&lt;"type"&gt;&gt;}]},
       {and_then,
        [{push_gvar,&lt;&lt;"string"&gt;&gt;},
         {get_lit_key,&lt;&lt;"lower"&gt;&gt;},
         {push_lvar,1,1},
         {get_lit_key,&lt;&lt;"type"&gt;&gt;},
         multiple,
         {pop_args,1},
         fcall,single,
         {push_lit,&lt;&lt;"process"&gt;&gt;},
         {op,'==',2}]},
       {and_then,[{push_lvar,1,1},{get_lit_key,&lt;&lt;"commitments"&gt;&gt;}]},
       {if_true,
        [{block_open,0,0},
         {current_line,57,&lt;&lt;"-no-file-"&gt;&gt;},
         {push_gvar,&lt;&lt;"pairs"&gt;&gt;},
         {push_lvar,2,1},
         {get_lit_key,&lt;&lt;"commitments"&gt;&gt;},
         multiple,
         {pop_args,1},
         fcall,
         {pop_vals,1},
         {gfor,
          [{lvar,57,&lt;&lt;"key"&gt;&gt;,1,1},{lvar,57,&lt;&lt;"commitment"&gt;&gt;,1,2}],
          [{block_open,2,0},
           {push_vals,2},
           {store_lvar,1,2},
           {store_lvar,1,1},
           {current_line,58,&lt;&lt;"-no-file-"&gt;&gt;},
           {push_lvar,1,2},
           {get_lit_key,&lt;&lt;"type"&gt;&gt;},
           {and_then,
            [{push_gvar,&lt;&lt;"string"&gt;&gt;},
             {get_lit_key,&lt;&lt;"lower"&gt;&gt;},
             {push_lvar,1,2},
             {get_lit_key,&lt;&lt;"type"&gt;&gt;},
             multiple,
             {pop_args,1},
             fcall,single,
             {push_lit,&lt;&lt;"hmac-sha256"&gt;&gt;},
             {op,'~=',2}]},
           {and_then,[{push_lvar,1,2},{get_lit_key,&lt;&lt;"committer"&gt;&gt;}]},
           {if_true,
            [{block_open,0,0},
             {current_line,60,&lt;&lt;"-no-file-"&gt;&gt;},
             {push_lvar,2,1},
             {push_gvar,&lt;&lt;"_G"&gt;&gt;},
             {set_lit_key,&lt;&lt;"id"&gt;&gt;},
             {current_line,61,&lt;&lt;"-no-file-"&gt;&gt;},
             {push_lvar,2,2},
             {get_lit_key,&lt;&lt;"committer"&gt;&gt;},
             {push_gvar,&lt;&lt;"_G"&gt;&gt;},
             {set_lit_key,&lt;&lt;"owner"&gt;&gt;},
             {current_line,62,&lt;&lt;"-no-file-"&gt;&gt;},
             {push_lit,true},
             {push_evar,5,1},
             {set_lit_key,&lt;&lt;"initialized"&gt;&gt;},
             {current_line,65,&lt;&lt;"-no-file-"&gt;&gt;},
             {push_gvar,&lt;&lt;"_G"&gt;&gt;},
             {get_lit_key,&lt;&lt;"authorities"&gt;&gt;},
             {or_else,[{push_lit,[]},{build_tab,0,1}]},
             {push_gvar,&lt;&lt;"_G"&gt;&gt;},
             {set_lit_key,&lt;&lt;"authorities"&gt;&gt;},
             {current_line,68,&lt;&lt;"-no-file-"&gt;&gt;},
             {push_lvar,4,1},
             {get_lit_key,&lt;&lt;"authority"&gt;&gt;},
             {if_true,
              [{block_open,2,0},
               {current_line,70,&lt;&lt;"-no-file-"&gt;&gt;},
               {push_lvar,5,1},
               {get_lit_key,&lt;&lt;"authority"&gt;&gt;},
               {store_lvar,1,1},
               {current_line,71,&lt;&lt;"-no-file-"&gt;&gt;},
               {push_lit,1},
               {store_lvar,1,2},
               {current_line,72,&lt;&lt;"-no-file-"&gt;&gt;},
               {while,
                [{push_lit,true}],
                [{block_open,2,0},
                 {current_line,73,&lt;&lt;"-no-"...&gt;&gt;},
                 {push_gvar,&lt;&lt;"stri"...&gt;&gt;},
                 {get_lit_key,&lt;&lt;...&gt;&gt;},
                 {push_lvar,...},
                 {...}|...]},
               block_close]},
             {current_line,96,&lt;&lt;"-no-file-"&gt;&gt;},
             break,block_close]},
           block_close]},
         block_close]},
       {current_line,102,&lt;&lt;"-no-file-"&gt;&gt;},
       {push_gvar,&lt;&lt;"_G"&gt;&gt;},
       {get_lit_key,&lt;&lt;"colors"&gt;&gt;},
       {op,'not',1},
       {if_true,
        [{block_open,0,0},
         {current_line,103,&lt;&lt;"-no-file-"&gt;&gt;},
         {push_lit,&lt;&lt;"reset"&gt;&gt;},
         {push_lit,&lt;&lt;"\e[0m"&gt;&gt;},
         {push_lit,&lt;&lt;"black"&gt;&gt;},
         {push_lit,&lt;&lt;"\e[30m"&gt;&gt;},
         {push_lit,&lt;&lt;"red"&gt;&gt;},
         {push_lit,&lt;&lt;"\e[31m"&gt;&gt;},
         {push_lit,&lt;&lt;"green"&gt;&gt;},
         {push_lit,&lt;&lt;"\e[32m"&gt;&gt;},
         {push_lit,&lt;&lt;"yellow"&gt;&gt;},
         {push_lit,&lt;&lt;"\e[33m"&gt;&gt;},
         {push_lit,&lt;&lt;"blue"&gt;&gt;},
         {push_lit,&lt;&lt;"\e[34m"&gt;&gt;},
         {push_lit,&lt;&lt;"magenta"&gt;&gt;},
         {push_lit,&lt;&lt;"\e[35m"&gt;&gt;},
         {push_lit,&lt;&lt;"cyan"&gt;&gt;},
         {push_lit,&lt;&lt;"\e[36m"&gt;&gt;},
         {push_lit,&lt;&lt;"white"&gt;&gt;},
         {push_lit,&lt;&lt;"\e[37m"&gt;&gt;},
         {push_lit,&lt;&lt;"bright_black"&gt;&gt;},
         {push_lit,&lt;&lt;"\e[90m"&gt;&gt;},
         {push_lit,&lt;&lt;"bright_red"&gt;&gt;},
         {push_lit,&lt;&lt;"\e[91m"&gt;&gt;},
         {push_lit,&lt;&lt;"bright_green"&gt;&gt;},
         {push_lit,&lt;&lt;"\e[92m"&gt;&gt;},
         {push_lit,&lt;&lt;"bright_yellow"&gt;&gt;},
         {push_lit,&lt;&lt;"\e[93m"&gt;&gt;},
         {push_lit,&lt;&lt;"bright_blue"&gt;&gt;},
         {push_lit,&lt;&lt;"\e[94m"&gt;&gt;},
         {push_lit,&lt;&lt;"bright_magenta"&gt;&gt;},
         {push_lit,&lt;&lt;"\e[95m"&gt;&gt;},
         {push_lit,&lt;&lt;"bright_cyan"&gt;&gt;},
         {push_lit,&lt;&lt;"\e[96m"&gt;&gt;},
         {push_lit,&lt;&lt;"bright_white"&gt;&gt;},
         {push_lit,&lt;&lt;"\e[97m"&gt;&gt;},
         {push_lit,&lt;&lt;"bg_black"&gt;&gt;},
         {push_lit,&lt;&lt;"\e[40m"&gt;&gt;},
         {push_lit,&lt;&lt;"bg_red"&gt;&gt;},
         {push_lit,&lt;&lt;"\e[41m"&gt;&gt;},
         {push_lit,&lt;&lt;"bg_green"&gt;&gt;},
         {push_lit,&lt;&lt;"\e[42m"&gt;&gt;},
         {push_lit,&lt;&lt;"bg_yellow"&gt;&gt;},
         {push_lit,&lt;&lt;"\e[43m"&gt;&gt;},
         {push_lit,&lt;&lt;"bg_blue"&gt;&gt;},
         {push_lit,&lt;&lt;"\e[44m"&gt;&gt;},
         {push_lit,&lt;&lt;"bg_magenta"&gt;&gt;},
         {push_lit,&lt;&lt;"\e[45m"&gt;&gt;},
         {push_lit,&lt;&lt;"bg_cyan"&gt;&gt;},
         {push_lit,&lt;&lt;"\e[46m"&gt;&gt;},
         {push_lit,&lt;&lt;"bg_white"&gt;&gt;},
         {push_lit,&lt;&lt;"\e[47m"&gt;&gt;},
         {push_lit,&lt;&lt;"bold"&gt;&gt;},
         {push_lit,&lt;&lt;"\e[1m"&gt;&gt;},
         {push_lit,&lt;&lt;"dim"&gt;&gt;},
         {push_lit,&lt;&lt;"\e[2m"&gt;&gt;},
         {push_lit,&lt;&lt;"italic"&gt;&gt;},
         {push_lit,&lt;&lt;"\e[3m"&gt;&gt;},
         {push_lit,&lt;&lt;"underline"&gt;&gt;},
         {push_lit,&lt;&lt;"\e[4m"&gt;&gt;},
         {push_lit,&lt;&lt;"blink"&gt;&gt;},
         {push_lit,&lt;&lt;"\e[5m"&gt;&gt;},
         {push_lit,&lt;&lt;...&gt;&gt;},
         {push_lit,...},
         {...}|...]},
       {return,0}]},
     [[{&lt;&lt;"_version"&gt;&gt;,&lt;&lt;"1.0.0"&gt;&gt;},
       {&lt;&lt;"compose"&gt;&gt;,#Fun&lt;luerl.6.117429323&gt;},
       {&lt;&lt;"concat"&gt;&gt;,#Fun&lt;luerl.6.117429323&gt;},
       {&lt;&lt;"curry"&gt;&gt;,#Fun&lt;luerl.6.117429323&gt;},
       {&lt;&lt;"filter"&gt;&gt;,#Fun&lt;luerl.6.117429323&gt;},
       {&lt;&lt;"find"&gt;&gt;,#Fun&lt;luerl.6.117429323&gt;},
       {&lt;&lt;"includes"&gt;&gt;,#Fun&lt;luerl.6.117429323&gt;},
       {&lt;&lt;"keys"&gt;&gt;,#Fun&lt;luerl.6.117429323&gt;},
       {&lt;&lt;"map"&gt;&gt;,#Fun&lt;luerl.6.117429323&gt;},
       {&lt;&lt;"matchesPattern"&gt;&gt;,#Fun&lt;luerl.6.117429323&gt;},
       {&lt;&lt;"matchesSpec"&gt;&gt;,#Fun&lt;luerl.6.117429323&gt;},
       {&lt;&lt;"prop"&gt;&gt;,#Fun&lt;luerl.6.117429323&gt;},
       {&lt;&lt;"propEq"&gt;&gt;,#Fun&lt;luerl.6.117429323&gt;},
       {&lt;&lt;"reduce"&gt;&gt;,#Fun&lt;luerl.6.117429323&gt;},
       {&lt;&lt;"reverse"&gt;&gt;,#Fun&lt;luerl.6.117429323&gt;},
       {&lt;&lt;"values"&gt;&gt;,#Fun&lt;luerl.6.117429323&gt;}]]],
    [{file,
      "/Users/rakis/demos/hyper-aos-demo/aos_test_suite/_build/default/lib/luerl/src/luerl_heap.erl"},
     {line,447}]},
   {luerl_emul,load_chunk_i,3,
    [{file,
      "/Users/rakis/demos/hyper-aos-demo/aos_test_suite/_build/default/lib/luerl/src/luerl_emul.erl"},
     {line,246}]},
   {luerl_emul,load_chunk_is,3,
    [{file,
      "/Users/rakis/demos/hyper-aos-demo/aos_test_suite/_build/default/lib/luerl/src/luerl_emul.erl"},
     {line,234}]},
   {luerl_emul,load_chunk_is,3,
    [{file,
      "/Users/rakis/demos/hyper-aos-demo/aos_test_suite/_build/default/lib/luerl/src/luerl_emul.erl"},
     {line,235}]},
   {luerl_emul,load_chunk_i,3,
    [{file,
      "/Users/rakis/demos/hyper-aos-demo/aos_test_suite/_build/default/lib/luerl/src/luerl_emul.erl"},
     {line,244}]},
   {luerl_emul,load_chunk,3,
    [{file,
      "/Users/rakis/demos/hyper-aos-demo/aos_test_suite/_build/default/lib/luerl/src/luerl_emul.erl"},
     {line,223}]},
   {luerl,load,3,
    [{file,
      "/Users/rakis/demos/hyper-aos-demo/aos_test_suite/_build/default/lib/luerl/src/luerl.erl"},
     {line,87}]},
   {luerl,do,2,
    [{file,
      "/Users/rakis/demos/hyper-aos-demo/aos_test_suite/_build/default/lib/luerl/src/luerl.erl"},
     {line,66}]}]}}
    </error>
    <system-out>
    </system-out>
  </testcase>
  <testcase time="0.002" name="aos_utils_integration_test:162 -demo_utils_action_test/0-fun-1- (Demo utils action)">
    <error type="error">
::in function aos_utils_integration_test:setup_test_environment/0 (/Users/rakis/demos/hyper-aos-demo/aos_test_suite/test/integration/aos_utils_integration_test.erl, line 297)
in call from aos_utils_integration_test:'-demo_utils_action_test/0-fun-1-'/0 (/Users/rakis/demos/hyper-aos-demo/aos_test_suite/test/integration/aos_utils_integration_test.erl, line 164)
in call from eunit_test:run_testfun/1 (eunit_test.erl, line 72)
in call from eunit_proc:run_test/1 (eunit_proc.erl, line 544)
in call from eunit_proc:with_timeout/3 (eunit_proc.erl, line 369)
in call from eunit_proc:handle_test/2 (eunit_proc.erl, line 527)
in call from eunit_proc:tests_inorder/3 (eunit_proc.erl, line 469)
in call from eunit_proc:with_timeout/3 (eunit_proc.erl, line 359)
**error:{badmatch,
 {error,function_clause,
  [{luerl_heap,alloc_funcdef,
    [{lua_func,
      [53,{file,&lt;&lt;"-no-file-"&gt;&gt;},{name,&lt;&lt;"meta.init"&gt;&gt;}],
      [],1,0,
      [1],
      [{push_args,[1]},
       {store_lvar,1,1},
       {current_line,55,&lt;&lt;"-no-file-"&gt;&gt;},
       {push_evar,2,1},
       {get_lit_key,&lt;&lt;"initialized"&gt;&gt;},
       {op,'not',1},
       {and_then,[{push_lvar,1,1},{get_lit_key,&lt;&lt;"type"&gt;&gt;}]},
       {and_then,
        [{push_gvar,&lt;&lt;"string"&gt;&gt;},
         {get_lit_key,&lt;&lt;"lower"&gt;&gt;},
         {push_lvar,1,1},
         {get_lit_key,&lt;&lt;"type"&gt;&gt;},
         multiple,
         {pop_args,1},
         fcall,single,
         {push_lit,&lt;&lt;"process"&gt;&gt;},
         {op,'==',2}]},
       {and_then,[{push_lvar,1,1},{get_lit_key,&lt;&lt;"commitments"&gt;&gt;}]},
       {if_true,
        [{block_open,0,0},
         {current_line,57,&lt;&lt;"-no-file-"&gt;&gt;},
         {push_gvar,&lt;&lt;"pairs"&gt;&gt;},
         {push_lvar,2,1},
         {get_lit_key,&lt;&lt;"commitments"&gt;&gt;},
         multiple,
         {pop_args,1},
         fcall,
         {pop_vals,1},
         {gfor,
          [{lvar,57,&lt;&lt;"key"&gt;&gt;,1,1},{lvar,57,&lt;&lt;"commitment"&gt;&gt;,1,2}],
          [{block_open,2,0},
           {push_vals,2},
           {store_lvar,1,2},
           {store_lvar,1,1},
           {current_line,58,&lt;&lt;"-no-file-"&gt;&gt;},
           {push_lvar,1,2},
           {get_lit_key,&lt;&lt;"type"&gt;&gt;},
           {and_then,
            [{push_gvar,&lt;&lt;"string"&gt;&gt;},
             {get_lit_key,&lt;&lt;"lower"&gt;&gt;},
             {push_lvar,1,2},
             {get_lit_key,&lt;&lt;"type"&gt;&gt;},
             multiple,
             {pop_args,1},
             fcall,single,
             {push_lit,&lt;&lt;"hmac-sha256"&gt;&gt;},
             {op,'~=',2}]},
           {and_then,[{push_lvar,1,2},{get_lit_key,&lt;&lt;"committer"&gt;&gt;}]},
           {if_true,
            [{block_open,0,0},
             {current_line,60,&lt;&lt;"-no-file-"&gt;&gt;},
             {push_lvar,2,1},
             {push_gvar,&lt;&lt;"_G"&gt;&gt;},
             {set_lit_key,&lt;&lt;"id"&gt;&gt;},
             {current_line,61,&lt;&lt;"-no-file-"&gt;&gt;},
             {push_lvar,2,2},
             {get_lit_key,&lt;&lt;"committer"&gt;&gt;},
             {push_gvar,&lt;&lt;"_G"&gt;&gt;},
             {set_lit_key,&lt;&lt;"owner"&gt;&gt;},
             {current_line,62,&lt;&lt;"-no-file-"&gt;&gt;},
             {push_lit,true},
             {push_evar,5,1},
             {set_lit_key,&lt;&lt;"initialized"&gt;&gt;},
             {current_line,65,&lt;&lt;"-no-file-"&gt;&gt;},
             {push_gvar,&lt;&lt;"_G"&gt;&gt;},
             {get_lit_key,&lt;&lt;"authorities"&gt;&gt;},
             {or_else,[{push_lit,[]},{build_tab,0,1}]},
             {push_gvar,&lt;&lt;"_G"&gt;&gt;},
             {set_lit_key,&lt;&lt;"authorities"&gt;&gt;},
             {current_line,68,&lt;&lt;"-no-file-"&gt;&gt;},
             {push_lvar,4,1},
             {get_lit_key,&lt;&lt;"authority"&gt;&gt;},
             {if_true,
              [{block_open,2,0},
               {current_line,70,&lt;&lt;"-no-file-"&gt;&gt;},
               {push_lvar,5,1},
               {get_lit_key,&lt;&lt;"authority"&gt;&gt;},
               {store_lvar,1,1},
               {current_line,71,&lt;&lt;"-no-file-"&gt;&gt;},
               {push_lit,1},
               {store_lvar,1,2},
               {current_line,72,&lt;&lt;"-no-file-"&gt;&gt;},
               {while,
                [{push_lit,true}],
                [{block_open,2,0},
                 {current_line,73,&lt;&lt;"-no-"...&gt;&gt;},
                 {push_gvar,&lt;&lt;"stri"...&gt;&gt;},
                 {get_lit_key,&lt;&lt;...&gt;&gt;},
                 {push_lvar,...},
                 {...}|...]},
               block_close]},
             {current_line,96,&lt;&lt;"-no-file-"&gt;&gt;},
             break,block_close]},
           block_close]},
         block_close]},
       {current_line,102,&lt;&lt;"-no-file-"&gt;&gt;},
       {push_gvar,&lt;&lt;"_G"&gt;&gt;},
       {get_lit_key,&lt;&lt;"colors"&gt;&gt;},
       {op,'not',1},
       {if_true,
        [{block_open,0,0},
         {current_line,103,&lt;&lt;"-no-file-"&gt;&gt;},
         {push_lit,&lt;&lt;"reset"&gt;&gt;},
         {push_lit,&lt;&lt;"\e[0m"&gt;&gt;},
         {push_lit,&lt;&lt;"black"&gt;&gt;},
         {push_lit,&lt;&lt;"\e[30m"&gt;&gt;},
         {push_lit,&lt;&lt;"red"&gt;&gt;},
         {push_lit,&lt;&lt;"\e[31m"&gt;&gt;},
         {push_lit,&lt;&lt;"green"&gt;&gt;},
         {push_lit,&lt;&lt;"\e[32m"&gt;&gt;},
         {push_lit,&lt;&lt;"yellow"&gt;&gt;},
         {push_lit,&lt;&lt;"\e[33m"&gt;&gt;},
         {push_lit,&lt;&lt;"blue"&gt;&gt;},
         {push_lit,&lt;&lt;"\e[34m"&gt;&gt;},
         {push_lit,&lt;&lt;"magenta"&gt;&gt;},
         {push_lit,&lt;&lt;"\e[35m"&gt;&gt;},
         {push_lit,&lt;&lt;"cyan"&gt;&gt;},
         {push_lit,&lt;&lt;"\e[36m"&gt;&gt;},
         {push_lit,&lt;&lt;"white"&gt;&gt;},
         {push_lit,&lt;&lt;"\e[37m"&gt;&gt;},
         {push_lit,&lt;&lt;"bright_black"&gt;&gt;},
         {push_lit,&lt;&lt;"\e[90m"&gt;&gt;},
         {push_lit,&lt;&lt;"bright_red"&gt;&gt;},
         {push_lit,&lt;&lt;"\e[91m"&gt;&gt;},
         {push_lit,&lt;&lt;"bright_green"&gt;&gt;},
         {push_lit,&lt;&lt;"\e[92m"&gt;&gt;},
         {push_lit,&lt;&lt;"bright_yellow"&gt;&gt;},
         {push_lit,&lt;&lt;"\e[93m"&gt;&gt;},
         {push_lit,&lt;&lt;"bright_blue"&gt;&gt;},
         {push_lit,&lt;&lt;"\e[94m"&gt;&gt;},
         {push_lit,&lt;&lt;"bright_magenta"&gt;&gt;},
         {push_lit,&lt;&lt;"\e[95m"&gt;&gt;},
         {push_lit,&lt;&lt;"bright_cyan"&gt;&gt;},
         {push_lit,&lt;&lt;"\e[96m"&gt;&gt;},
         {push_lit,&lt;&lt;"bright_white"&gt;&gt;},
         {push_lit,&lt;&lt;"\e[97m"&gt;&gt;},
         {push_lit,&lt;&lt;"bg_black"&gt;&gt;},
         {push_lit,&lt;&lt;"\e[40m"&gt;&gt;},
         {push_lit,&lt;&lt;"bg_red"&gt;&gt;},
         {push_lit,&lt;&lt;"\e[41m"&gt;&gt;},
         {push_lit,&lt;&lt;"bg_green"&gt;&gt;},
         {push_lit,&lt;&lt;"\e[42m"&gt;&gt;},
         {push_lit,&lt;&lt;"bg_yellow"&gt;&gt;},
         {push_lit,&lt;&lt;"\e[43m"&gt;&gt;},
         {push_lit,&lt;&lt;"bg_blue"&gt;&gt;},
         {push_lit,&lt;&lt;"\e[44m"&gt;&gt;},
         {push_lit,&lt;&lt;"bg_magenta"&gt;&gt;},
         {push_lit,&lt;&lt;"\e[45m"&gt;&gt;},
         {push_lit,&lt;&lt;"bg_cyan"&gt;&gt;},
         {push_lit,&lt;&lt;"\e[46m"&gt;&gt;},
         {push_lit,&lt;&lt;"bg_white"&gt;&gt;},
         {push_lit,&lt;&lt;"\e[47m"&gt;&gt;},
         {push_lit,&lt;&lt;"bold"&gt;&gt;},
         {push_lit,&lt;&lt;"\e[1m"&gt;&gt;},
         {push_lit,&lt;&lt;"dim"&gt;&gt;},
         {push_lit,&lt;&lt;"\e[2m"&gt;&gt;},
         {push_lit,&lt;&lt;"italic"&gt;&gt;},
         {push_lit,&lt;&lt;"\e[3m"&gt;&gt;},
         {push_lit,&lt;&lt;"underline"&gt;&gt;},
         {push_lit,&lt;&lt;"\e[4m"&gt;&gt;},
         {push_lit,&lt;&lt;"blink"&gt;&gt;},
         {push_lit,&lt;&lt;"\e[5m"&gt;&gt;},
         {push_lit,&lt;&lt;...&gt;&gt;},
         {push_lit,...},
         {...}|...]},
       {return,0}]},
     [[{&lt;&lt;"_version"&gt;&gt;,&lt;&lt;"1.0.0"&gt;&gt;},
       {&lt;&lt;"compose"&gt;&gt;,#Fun&lt;luerl.6.117429323&gt;},
       {&lt;&lt;"concat"&gt;&gt;,#Fun&lt;luerl.6.117429323&gt;},
       {&lt;&lt;"curry"&gt;&gt;,#Fun&lt;luerl.6.117429323&gt;},
       {&lt;&lt;"filter"&gt;&gt;,#Fun&lt;luerl.6.117429323&gt;},
       {&lt;&lt;"find"&gt;&gt;,#Fun&lt;luerl.6.117429323&gt;},
       {&lt;&lt;"includes"&gt;&gt;,#Fun&lt;luerl.6.117429323&gt;},
       {&lt;&lt;"keys"&gt;&gt;,#Fun&lt;luerl.6.117429323&gt;},
       {&lt;&lt;"map"&gt;&gt;,#Fun&lt;luerl.6.117429323&gt;},
       {&lt;&lt;"matchesPattern"&gt;&gt;,#Fun&lt;luerl.6.117429323&gt;},
       {&lt;&lt;"matchesSpec"&gt;&gt;,#Fun&lt;luerl.6.117429323&gt;},
       {&lt;&lt;"prop"&gt;&gt;,#Fun&lt;luerl.6.117429323&gt;},
       {&lt;&lt;"propEq"&gt;&gt;,#Fun&lt;luerl.6.117429323&gt;},
       {&lt;&lt;"reduce"&gt;&gt;,#Fun&lt;luerl.6.117429323&gt;},
       {&lt;&lt;"reverse"&gt;&gt;,#Fun&lt;luerl.6.117429323&gt;},
       {&lt;&lt;"values"&gt;&gt;,#Fun&lt;luerl.6.117429323&gt;}]]],
    [{file,
      "/Users/rakis/demos/hyper-aos-demo/aos_test_suite/_build/default/lib/luerl/src/luerl_heap.erl"},
     {line,447}]},
   {luerl_emul,load_chunk_i,3,
    [{file,
      "/Users/rakis/demos/hyper-aos-demo/aos_test_suite/_build/default/lib/luerl/src/luerl_emul.erl"},
     {line,246}]},
   {luerl_emul,load_chunk_is,3,
    [{file,
      "/Users/rakis/demos/hyper-aos-demo/aos_test_suite/_build/default/lib/luerl/src/luerl_emul.erl"},
     {line,234}]},
   {luerl_emul,load_chunk_is,3,
    [{file,
      "/Users/rakis/demos/hyper-aos-demo/aos_test_suite/_build/default/lib/luerl/src/luerl_emul.erl"},
     {line,235}]},
   {luerl_emul,load_chunk_i,3,
    [{file,
      "/Users/rakis/demos/hyper-aos-demo/aos_test_suite/_build/default/lib/luerl/src/luerl_emul.erl"},
     {line,244}]},
   {luerl_emul,load_chunk,3,
    [{file,
      "/Users/rakis/demos/hyper-aos-demo/aos_test_suite/_build/default/lib/luerl/src/luerl_emul.erl"},
     {line,223}]},
   {luerl,load,3,
    [{file,
      "/Users/rakis/demos/hyper-aos-demo/aos_test_suite/_build/default/lib/luerl/src/luerl.erl"},
     {line,87}]},
   {luerl,do,2,
    [{file,
      "/Users/rakis/demos/hyper-aos-demo/aos_test_suite/_build/default/lib/luerl/src/luerl.erl"},
     {line,66}]}]}}
    </error>
    <system-out>
    </system-out>
  </testcase>
  <testcase time="0.003" name="aos_utils_integration_test:182 -array_manipulation_test/0-fun-5- (Array manipulation)">
    <error type="error">
::in function aos_utils_integration_test:setup_test_environment/0 (/Users/rakis/demos/hyper-aos-demo/aos_test_suite/test/integration/aos_utils_integration_test.erl, line 297)
in call from aos_utils_integration_test:'-array_manipulation_test/0-fun-5-'/0 (/Users/rakis/demos/hyper-aos-demo/aos_test_suite/test/integration/aos_utils_integration_test.erl, line 184)
in call from eunit_test:run_testfun/1 (eunit_test.erl, line 72)
in call from eunit_proc:run_test/1 (eunit_proc.erl, line 544)
in call from eunit_proc:with_timeout/3 (eunit_proc.erl, line 369)
in call from eunit_proc:handle_test/2 (eunit_proc.erl, line 527)
in call from eunit_proc:tests_inorder/3 (eunit_proc.erl, line 469)
in call from eunit_proc:with_timeout/3 (eunit_proc.erl, line 359)
**error:{badmatch,
 {error,function_clause,
  [{luerl_heap,alloc_funcdef,
    [{lua_func,
      [53,{file,&lt;&lt;"-no-file-"&gt;&gt;},{name,&lt;&lt;"meta.init"&gt;&gt;}],
      [],1,0,
      [1],
      [{push_args,[1]},
       {store_lvar,1,1},
       {current_line,55,&lt;&lt;"-no-file-"&gt;&gt;},
       {push_evar,2,1},
       {get_lit_key,&lt;&lt;"initialized"&gt;&gt;},
       {op,'not',1},
       {and_then,[{push_lvar,1,1},{get_lit_key,&lt;&lt;"type"&gt;&gt;}]},
       {and_then,
        [{push_gvar,&lt;&lt;"string"&gt;&gt;},
         {get_lit_key,&lt;&lt;"lower"&gt;&gt;},
         {push_lvar,1,1},
         {get_lit_key,&lt;&lt;"type"&gt;&gt;},
         multiple,
         {pop_args,1},
         fcall,single,
         {push_lit,&lt;&lt;"process"&gt;&gt;},
         {op,'==',2}]},
       {and_then,[{push_lvar,1,1},{get_lit_key,&lt;&lt;"commitments"&gt;&gt;}]},
       {if_true,
        [{block_open,0,0},
         {current_line,57,&lt;&lt;"-no-file-"&gt;&gt;},
         {push_gvar,&lt;&lt;"pairs"&gt;&gt;},
         {push_lvar,2,1},
         {get_lit_key,&lt;&lt;"commitments"&gt;&gt;},
         multiple,
         {pop_args,1},
         fcall,
         {pop_vals,1},
         {gfor,
          [{lvar,57,&lt;&lt;"key"&gt;&gt;,1,1},{lvar,57,&lt;&lt;"commitment"&gt;&gt;,1,2}],
          [{block_open,2,0},
           {push_vals,2},
           {store_lvar,1,2},
           {store_lvar,1,1},
           {current_line,58,&lt;&lt;"-no-file-"&gt;&gt;},
           {push_lvar,1,2},
           {get_lit_key,&lt;&lt;"type"&gt;&gt;},
           {and_then,
            [{push_gvar,&lt;&lt;"string"&gt;&gt;},
             {get_lit_key,&lt;&lt;"lower"&gt;&gt;},
             {push_lvar,1,2},
             {get_lit_key,&lt;&lt;"type"&gt;&gt;},
             multiple,
             {pop_args,1},
             fcall,single,
             {push_lit,&lt;&lt;"hmac-sha256"&gt;&gt;},
             {op,'~=',2}]},
           {and_then,[{push_lvar,1,2},{get_lit_key,&lt;&lt;"committer"&gt;&gt;}]},
           {if_true,
            [{block_open,0,0},
             {current_line,60,&lt;&lt;"-no-file-"&gt;&gt;},
             {push_lvar,2,1},
             {push_gvar,&lt;&lt;"_G"&gt;&gt;},
             {set_lit_key,&lt;&lt;"id"&gt;&gt;},
             {current_line,61,&lt;&lt;"-no-file-"&gt;&gt;},
             {push_lvar,2,2},
             {get_lit_key,&lt;&lt;"committer"&gt;&gt;},
             {push_gvar,&lt;&lt;"_G"&gt;&gt;},
             {set_lit_key,&lt;&lt;"owner"&gt;&gt;},
             {current_line,62,&lt;&lt;"-no-file-"&gt;&gt;},
             {push_lit,true},
             {push_evar,5,1},
             {set_lit_key,&lt;&lt;"initialized"&gt;&gt;},
             {current_line,65,&lt;&lt;"-no-file-"&gt;&gt;},
             {push_gvar,&lt;&lt;"_G"&gt;&gt;},
             {get_lit_key,&lt;&lt;"authorities"&gt;&gt;},
             {or_else,[{push_lit,[]},{build_tab,0,1}]},
             {push_gvar,&lt;&lt;"_G"&gt;&gt;},
             {set_lit_key,&lt;&lt;"authorities"&gt;&gt;},
             {current_line,68,&lt;&lt;"-no-file-"&gt;&gt;},
             {push_lvar,4,1},
             {get_lit_key,&lt;&lt;"authority"&gt;&gt;},
             {if_true,
              [{block_open,2,0},
               {current_line,70,&lt;&lt;"-no-file-"&gt;&gt;},
               {push_lvar,5,1},
               {get_lit_key,&lt;&lt;"authority"&gt;&gt;},
               {store_lvar,1,1},
               {current_line,71,&lt;&lt;"-no-file-"&gt;&gt;},
               {push_lit,1},
               {store_lvar,1,2},
               {current_line,72,&lt;&lt;"-no-file-"&gt;&gt;},
               {while,
                [{push_lit,true}],
                [{block_open,2,0},
                 {current_line,73,&lt;&lt;"-no-"...&gt;&gt;},
                 {push_gvar,&lt;&lt;"stri"...&gt;&gt;},
                 {get_lit_key,&lt;&lt;...&gt;&gt;},
                 {push_lvar,...},
                 {...}|...]},
               block_close]},
             {current_line,96,&lt;&lt;"-no-file-"&gt;&gt;},
             break,block_close]},
           block_close]},
         block_close]},
       {current_line,102,&lt;&lt;"-no-file-"&gt;&gt;},
       {push_gvar,&lt;&lt;"_G"&gt;&gt;},
       {get_lit_key,&lt;&lt;"colors"&gt;&gt;},
       {op,'not',1},
       {if_true,
        [{block_open,0,0},
         {current_line,103,&lt;&lt;"-no-file-"&gt;&gt;},
         {push_lit,&lt;&lt;"reset"&gt;&gt;},
         {push_lit,&lt;&lt;"\e[0m"&gt;&gt;},
         {push_lit,&lt;&lt;"black"&gt;&gt;},
         {push_lit,&lt;&lt;"\e[30m"&gt;&gt;},
         {push_lit,&lt;&lt;"red"&gt;&gt;},
         {push_lit,&lt;&lt;"\e[31m"&gt;&gt;},
         {push_lit,&lt;&lt;"green"&gt;&gt;},
         {push_lit,&lt;&lt;"\e[32m"&gt;&gt;},
         {push_lit,&lt;&lt;"yellow"&gt;&gt;},
         {push_lit,&lt;&lt;"\e[33m"&gt;&gt;},
         {push_lit,&lt;&lt;"blue"&gt;&gt;},
         {push_lit,&lt;&lt;"\e[34m"&gt;&gt;},
         {push_lit,&lt;&lt;"magenta"&gt;&gt;},
         {push_lit,&lt;&lt;"\e[35m"&gt;&gt;},
         {push_lit,&lt;&lt;"cyan"&gt;&gt;},
         {push_lit,&lt;&lt;"\e[36m"&gt;&gt;},
         {push_lit,&lt;&lt;"white"&gt;&gt;},
         {push_lit,&lt;&lt;"\e[37m"&gt;&gt;},
         {push_lit,&lt;&lt;"bright_black"&gt;&gt;},
         {push_lit,&lt;&lt;"\e[90m"&gt;&gt;},
         {push_lit,&lt;&lt;"bright_red"&gt;&gt;},
         {push_lit,&lt;&lt;"\e[91m"&gt;&gt;},
         {push_lit,&lt;&lt;"bright_green"&gt;&gt;},
         {push_lit,&lt;&lt;"\e[92m"&gt;&gt;},
         {push_lit,&lt;&lt;"bright_yellow"&gt;&gt;},
         {push_lit,&lt;&lt;"\e[93m"&gt;&gt;},
         {push_lit,&lt;&lt;"bright_blue"&gt;&gt;},
         {push_lit,&lt;&lt;"\e[94m"&gt;&gt;},
         {push_lit,&lt;&lt;"bright_magenta"&gt;&gt;},
         {push_lit,&lt;&lt;"\e[95m"&gt;&gt;},
         {push_lit,&lt;&lt;"bright_cyan"&gt;&gt;},
         {push_lit,&lt;&lt;"\e[96m"&gt;&gt;},
         {push_lit,&lt;&lt;"bright_white"&gt;&gt;},
         {push_lit,&lt;&lt;"\e[97m"&gt;&gt;},
         {push_lit,&lt;&lt;"bg_black"&gt;&gt;},
         {push_lit,&lt;&lt;"\e[40m"&gt;&gt;},
         {push_lit,&lt;&lt;"bg_red"&gt;&gt;},
         {push_lit,&lt;&lt;"\e[41m"&gt;&gt;},
         {push_lit,&lt;&lt;"bg_green"&gt;&gt;},
         {push_lit,&lt;&lt;"\e[42m"&gt;&gt;},
         {push_lit,&lt;&lt;"bg_yellow"&gt;&gt;},
         {push_lit,&lt;&lt;"\e[43m"&gt;&gt;},
         {push_lit,&lt;&lt;"bg_blue"&gt;&gt;},
         {push_lit,&lt;&lt;"\e[44m"&gt;&gt;},
         {push_lit,&lt;&lt;"bg_magenta"&gt;&gt;},
         {push_lit,&lt;&lt;"\e[45m"&gt;&gt;},
         {push_lit,&lt;&lt;"bg_cyan"&gt;&gt;},
         {push_lit,&lt;&lt;"\e[46m"&gt;&gt;},
         {push_lit,&lt;&lt;"bg_white"&gt;&gt;},
         {push_lit,&lt;&lt;"\e[47m"&gt;&gt;},
         {push_lit,&lt;&lt;"bold"&gt;&gt;},
         {push_lit,&lt;&lt;"\e[1m"&gt;&gt;},
         {push_lit,&lt;&lt;"dim"&gt;&gt;},
         {push_lit,&lt;&lt;"\e[2m"&gt;&gt;},
         {push_lit,&lt;&lt;"italic"&gt;&gt;},
         {push_lit,&lt;&lt;"\e[3m"&gt;&gt;},
         {push_lit,&lt;&lt;"underline"&gt;&gt;},
         {push_lit,&lt;&lt;"\e[4m"&gt;&gt;},
         {push_lit,&lt;&lt;"blink"&gt;&gt;},
         {push_lit,&lt;&lt;"\e[5m"&gt;&gt;},
         {push_lit,&lt;&lt;...&gt;&gt;},
         {push_lit,...},
         {...}|...]},
       {return,0}]},
     [[{&lt;&lt;"_version"&gt;&gt;,&lt;&lt;"1.0.0"&gt;&gt;},
       {&lt;&lt;"compose"&gt;&gt;,#Fun&lt;luerl.6.117429323&gt;},
       {&lt;&lt;"concat"&gt;&gt;,#Fun&lt;luerl.6.117429323&gt;},
       {&lt;&lt;"curry"&gt;&gt;,#Fun&lt;luerl.6.117429323&gt;},
       {&lt;&lt;"filter"&gt;&gt;,#Fun&lt;luerl.6.117429323&gt;},
       {&lt;&lt;"find"&gt;&gt;,#Fun&lt;luerl.6.117429323&gt;},
       {&lt;&lt;"includes"&gt;&gt;,#Fun&lt;luerl.6.117429323&gt;},
       {&lt;&lt;"keys"&gt;&gt;,#Fun&lt;luerl.6.117429323&gt;},
       {&lt;&lt;"map"&gt;&gt;,#Fun&lt;luerl.6.117429323&gt;},
       {&lt;&lt;"matchesPattern"&gt;&gt;,#Fun&lt;luerl.6.117429323&gt;},
       {&lt;&lt;"matchesSpec"&gt;&gt;,#Fun&lt;luerl.6.117429323&gt;},
       {&lt;&lt;"prop"&gt;&gt;,#Fun&lt;luerl.6.117429323&gt;},
       {&lt;&lt;"propEq"&gt;&gt;,#Fun&lt;luerl.6.117429323&gt;},
       {&lt;&lt;"reduce"&gt;&gt;,#Fun&lt;luerl.6.117429323&gt;},
       {&lt;&lt;"reverse"&gt;&gt;,#Fun&lt;luerl.6.117429323&gt;},
       {&lt;&lt;"values"&gt;&gt;,#Fun&lt;luerl.6.117429323&gt;}]]],
    [{file,
      "/Users/rakis/demos/hyper-aos-demo/aos_test_suite/_build/default/lib/luerl/src/luerl_heap.erl"},
     {line,447}]},
   {luerl_emul,load_chunk_i,3,
    [{file,
      "/Users/rakis/demos/hyper-aos-demo/aos_test_suite/_build/default/lib/luerl/src/luerl_emul.erl"},
     {line,246}]},
   {luerl_emul,load_chunk_is,3,
    [{file,
      "/Users/rakis/demos/hyper-aos-demo/aos_test_suite/_build/default/lib/luerl/src/luerl_emul.erl"},
     {line,234}]},
   {luerl_emul,load_chunk_is,3,
    [{file,
      "/Users/rakis/demos/hyper-aos-demo/aos_test_suite/_build/default/lib/luerl/src/luerl_emul.erl"},
     {line,235}]},
   {luerl_emul,load_chunk_i,3,
    [{file,
      "/Users/rakis/demos/hyper-aos-demo/aos_test_suite/_build/default/lib/luerl/src/luerl_emul.erl"},
     {line,244}]},
   {luerl_emul,load_chunk,3,
    [{file,
      "/Users/rakis/demos/hyper-aos-demo/aos_test_suite/_build/default/lib/luerl/src/luerl_emul.erl"},
     {line,223}]},
   {luerl,load,3,
    [{file,
      "/Users/rakis/demos/hyper-aos-demo/aos_test_suite/_build/default/lib/luerl/src/luerl.erl"},
     {line,87}]},
   {luerl,do,2,
    [{file,
      "/Users/rakis/demos/hyper-aos-demo/aos_test_suite/_build/default/lib/luerl/src/luerl.erl"},
     {line,66}]}]}}
    </error>
    <system-out>
    </system-out>
  </testcase>
  <testcase time="0.003" name="aos_utils_integration_test:214 -authority_validation_test/0-fun-2- (Authority validation)">
    <error type="error">
::in function aos_utils_integration_test:setup_test_environment/0 (/Users/rakis/demos/hyper-aos-demo/aos_test_suite/test/integration/aos_utils_integration_test.erl, line 297)
in call from aos_utils_integration_test:setup_test_environment_with_authorities/0 (/Users/rakis/demos/hyper-aos-demo/aos_test_suite/test/integration/aos_utils_integration_test.erl, line 302)
in call from aos_utils_integration_test:'-authority_validation_test/0-fun-2-'/0 (/Users/rakis/demos/hyper-aos-demo/aos_test_suite/test/integration/aos_utils_integration_test.erl, line 216)
in call from eunit_test:run_testfun/1 (eunit_test.erl, line 72)
in call from eunit_proc:run_test/1 (eunit_proc.erl, line 544)
in call from eunit_proc:with_timeout/3 (eunit_proc.erl, line 369)
in call from eunit_proc:handle_test/2 (eunit_proc.erl, line 527)
in call from eunit_proc:tests_inorder/3 (eunit_proc.erl, line 469)
**error:{badmatch,
 {error,function_clause,
  [{luerl_heap,alloc_funcdef,
    [{lua_func,
      [53,{file,&lt;&lt;"-no-file-"&gt;&gt;},{name,&lt;&lt;"meta.init"&gt;&gt;}],
      [],1,0,
      [1],
      [{push_args,[1]},
       {store_lvar,1,1},
       {current_line,55,&lt;&lt;"-no-file-"&gt;&gt;},
       {push_evar,2,1},
       {get_lit_key,&lt;&lt;"initialized"&gt;&gt;},
       {op,'not',1},
       {and_then,[{push_lvar,1,1},{get_lit_key,&lt;&lt;"type"&gt;&gt;}]},
       {and_then,
        [{push_gvar,&lt;&lt;"string"&gt;&gt;},
         {get_lit_key,&lt;&lt;"lower"&gt;&gt;},
         {push_lvar,1,1},
         {get_lit_key,&lt;&lt;"type"&gt;&gt;},
         multiple,
         {pop_args,1},
         fcall,single,
         {push_lit,&lt;&lt;"process"&gt;&gt;},
         {op,'==',2}]},
       {and_then,[{push_lvar,1,1},{get_lit_key,&lt;&lt;"commitments"&gt;&gt;}]},
       {if_true,
        [{block_open,0,0},
         {current_line,57,&lt;&lt;"-no-file-"&gt;&gt;},
         {push_gvar,&lt;&lt;"pairs"&gt;&gt;},
         {push_lvar,2,1},
         {get_lit_key,&lt;&lt;"commitments"&gt;&gt;},
         multiple,
         {pop_args,1},
         fcall,
         {pop_vals,1},
         {gfor,
          [{lvar,57,&lt;&lt;"key"&gt;&gt;,1,1},{lvar,57,&lt;&lt;"commitment"&gt;&gt;,1,2}],
          [{block_open,2,0},
           {push_vals,2},
           {store_lvar,1,2},
           {store_lvar,1,1},
           {current_line,58,&lt;&lt;"-no-file-"&gt;&gt;},
           {push_lvar,1,2},
           {get_lit_key,&lt;&lt;"type"&gt;&gt;},
           {and_then,
            [{push_gvar,&lt;&lt;"string"&gt;&gt;},
             {get_lit_key,&lt;&lt;"lower"&gt;&gt;},
             {push_lvar,1,2},
             {get_lit_key,&lt;&lt;"type"&gt;&gt;},
             multiple,
             {pop_args,1},
             fcall,single,
             {push_lit,&lt;&lt;"hmac-sha256"&gt;&gt;},
             {op,'~=',2}]},
           {and_then,[{push_lvar,1,2},{get_lit_key,&lt;&lt;"committer"&gt;&gt;}]},
           {if_true,
            [{block_open,0,0},
             {current_line,60,&lt;&lt;"-no-file-"&gt;&gt;},
             {push_lvar,2,1},
             {push_gvar,&lt;&lt;"_G"&gt;&gt;},
             {set_lit_key,&lt;&lt;"id"&gt;&gt;},
             {current_line,61,&lt;&lt;"-no-file-"&gt;&gt;},
             {push_lvar,2,2},
             {get_lit_key,&lt;&lt;"committer"&gt;&gt;},
             {push_gvar,&lt;&lt;"_G"&gt;&gt;},
             {set_lit_key,&lt;&lt;"owner"&gt;&gt;},
             {current_line,62,&lt;&lt;"-no-file-"&gt;&gt;},
             {push_lit,true},
             {push_evar,5,1},
             {set_lit_key,&lt;&lt;"initialized"&gt;&gt;},
             {current_line,65,&lt;&lt;"-no-file-"&gt;&gt;},
             {push_gvar,&lt;&lt;"_G"&gt;&gt;},
             {get_lit_key,&lt;&lt;"authorities"&gt;&gt;},
             {or_else,[{push_lit,[]},{build_tab,0,1}]},
             {push_gvar,&lt;&lt;"_G"&gt;&gt;},
             {set_lit_key,&lt;&lt;"authorities"&gt;&gt;},
             {current_line,68,&lt;&lt;"-no-file-"&gt;&gt;},
             {push_lvar,4,1},
             {get_lit_key,&lt;&lt;"authority"&gt;&gt;},
             {if_true,
              [{block_open,2,0},
               {current_line,70,&lt;&lt;"-no-file-"&gt;&gt;},
               {push_lvar,5,1},
               {get_lit_key,&lt;&lt;"authority"&gt;&gt;},
               {store_lvar,1,1},
               {current_line,71,&lt;&lt;"-no-file-"&gt;&gt;},
               {push_lit,1},
               {store_lvar,1,2},
               {current_line,72,&lt;&lt;"-no-file-"&gt;&gt;},
               {while,
                [{push_lit,true}],
                [{block_open,2,0},
                 {current_line,73,&lt;&lt;"-no-"...&gt;&gt;},
                 {push_gvar,&lt;&lt;"stri"...&gt;&gt;},
                 {get_lit_key,&lt;&lt;...&gt;&gt;},
                 {push_lvar,...},
                 {...}|...]},
               block_close]},
             {current_line,96,&lt;&lt;"-no-file-"&gt;&gt;},
             break,block_close]},
           block_close]},
         block_close]},
       {current_line,102,&lt;&lt;"-no-file-"&gt;&gt;},
       {push_gvar,&lt;&lt;"_G"&gt;&gt;},
       {get_lit_key,&lt;&lt;"colors"&gt;&gt;},
       {op,'not',1},
       {if_true,
        [{block_open,0,0},
         {current_line,103,&lt;&lt;"-no-file-"&gt;&gt;},
         {push_lit,&lt;&lt;"reset"&gt;&gt;},
         {push_lit,&lt;&lt;"\e[0m"&gt;&gt;},
         {push_lit,&lt;&lt;"black"&gt;&gt;},
         {push_lit,&lt;&lt;"\e[30m"&gt;&gt;},
         {push_lit,&lt;&lt;"red"&gt;&gt;},
         {push_lit,&lt;&lt;"\e[31m"&gt;&gt;},
         {push_lit,&lt;&lt;"green"&gt;&gt;},
         {push_lit,&lt;&lt;"\e[32m"&gt;&gt;},
         {push_lit,&lt;&lt;"yellow"&gt;&gt;},
         {push_lit,&lt;&lt;"\e[33m"&gt;&gt;},
         {push_lit,&lt;&lt;"blue"&gt;&gt;},
         {push_lit,&lt;&lt;"\e[34m"&gt;&gt;},
         {push_lit,&lt;&lt;"magenta"&gt;&gt;},
         {push_lit,&lt;&lt;"\e[35m"&gt;&gt;},
         {push_lit,&lt;&lt;"cyan"&gt;&gt;},
         {push_lit,&lt;&lt;"\e[36m"&gt;&gt;},
         {push_lit,&lt;&lt;"white"&gt;&gt;},
         {push_lit,&lt;&lt;"\e[37m"&gt;&gt;},
         {push_lit,&lt;&lt;"bright_black"&gt;&gt;},
         {push_lit,&lt;&lt;"\e[90m"&gt;&gt;},
         {push_lit,&lt;&lt;"bright_red"&gt;&gt;},
         {push_lit,&lt;&lt;"\e[91m"&gt;&gt;},
         {push_lit,&lt;&lt;"bright_green"&gt;&gt;},
         {push_lit,&lt;&lt;"\e[92m"&gt;&gt;},
         {push_lit,&lt;&lt;"bright_yellow"&gt;&gt;},
         {push_lit,&lt;&lt;"\e[93m"&gt;&gt;},
         {push_lit,&lt;&lt;"bright_blue"&gt;&gt;},
         {push_lit,&lt;&lt;"\e[94m"&gt;&gt;},
         {push_lit,&lt;&lt;"bright_magenta"&gt;&gt;},
         {push_lit,&lt;&lt;"\e[95m"&gt;&gt;},
         {push_lit,&lt;&lt;"bright_cyan"&gt;&gt;},
         {push_lit,&lt;&lt;"\e[96m"&gt;&gt;},
         {push_lit,&lt;&lt;"bright_white"&gt;&gt;},
         {push_lit,&lt;&lt;"\e[97m"&gt;&gt;},
         {push_lit,&lt;&lt;"bg_black"&gt;&gt;},
         {push_lit,&lt;&lt;"\e[40m"&gt;&gt;},
         {push_lit,&lt;&lt;"bg_red"&gt;&gt;},
         {push_lit,&lt;&lt;"\e[41m"&gt;&gt;},
         {push_lit,&lt;&lt;"bg_green"&gt;&gt;},
         {push_lit,&lt;&lt;"\e[42m"&gt;&gt;},
         {push_lit,&lt;&lt;"bg_yellow"&gt;&gt;},
         {push_lit,&lt;&lt;"\e[43m"&gt;&gt;},
         {push_lit,&lt;&lt;"bg_blue"&gt;&gt;},
         {push_lit,&lt;&lt;"\e[44m"&gt;&gt;},
         {push_lit,&lt;&lt;"bg_magenta"&gt;&gt;},
         {push_lit,&lt;&lt;"\e[45m"&gt;&gt;},
         {push_lit,&lt;&lt;"bg_cyan"&gt;&gt;},
         {push_lit,&lt;&lt;"\e[46m"&gt;&gt;},
         {push_lit,&lt;&lt;"bg_white"&gt;&gt;},
         {push_lit,&lt;&lt;"\e[47m"&gt;&gt;},
         {push_lit,&lt;&lt;"bold"&gt;&gt;},
         {push_lit,&lt;&lt;"\e[1m"&gt;&gt;},
         {push_lit,&lt;&lt;"dim"&gt;&gt;},
         {push_lit,&lt;&lt;"\e[2m"&gt;&gt;},
         {push_lit,&lt;&lt;"italic"&gt;&gt;},
         {push_lit,&lt;&lt;"\e[3m"&gt;&gt;},
         {push_lit,&lt;&lt;"underline"&gt;&gt;},
         {push_lit,&lt;&lt;"\e[4m"&gt;&gt;},
         {push_lit,&lt;&lt;"blink"&gt;&gt;},
         {push_lit,&lt;&lt;"\e[5m"&gt;&gt;},
         {push_lit,&lt;&lt;...&gt;&gt;},
         {push_lit,...},
         {...}|...]},
       {return,0}]},
     [[{&lt;&lt;"_version"&gt;&gt;,&lt;&lt;"1.0.0"&gt;&gt;},
       {&lt;&lt;"compose"&gt;&gt;,#Fun&lt;luerl.6.117429323&gt;},
       {&lt;&lt;"concat"&gt;&gt;,#Fun&lt;luerl.6.117429323&gt;},
       {&lt;&lt;"curry"&gt;&gt;,#Fun&lt;luerl.6.117429323&gt;},
       {&lt;&lt;"filter"&gt;&gt;,#Fun&lt;luerl.6.117429323&gt;},
       {&lt;&lt;"find"&gt;&gt;,#Fun&lt;luerl.6.117429323&gt;},
       {&lt;&lt;"includes"&gt;&gt;,#Fun&lt;luerl.6.117429323&gt;},
       {&lt;&lt;"keys"&gt;&gt;,#Fun&lt;luerl.6.117429323&gt;},
       {&lt;&lt;"map"&gt;&gt;,#Fun&lt;luerl.6.117429323&gt;},
       {&lt;&lt;"matchesPattern"&gt;&gt;,#Fun&lt;luerl.6.117429323&gt;},
       {&lt;&lt;"matchesSpec"&gt;&gt;,#Fun&lt;luerl.6.117429323&gt;},
       {&lt;&lt;"prop"&gt;&gt;,#Fun&lt;luerl.6.117429323&gt;},
       {&lt;&lt;"propEq"&gt;&gt;,#Fun&lt;luerl.6.117429323&gt;},
       {&lt;&lt;"reduce"&gt;&gt;,#Fun&lt;luerl.6.117429323&gt;},
       {&lt;&lt;"reverse"&gt;&gt;,#Fun&lt;luerl.6.117429323&gt;},
       {&lt;&lt;"values"&gt;&gt;,#Fun&lt;luerl.6.117429323&gt;}]]],
    [{file,
      "/Users/rakis/demos/hyper-aos-demo/aos_test_suite/_build/default/lib/luerl/src/luerl_heap.erl"},
     {line,447}]},
   {luerl_emul,load_chunk_i,3,
    [{file,
      "/Users/rakis/demos/hyper-aos-demo/aos_test_suite/_build/default/lib/luerl/src/luerl_emul.erl"},
     {line,246}]},
   {luerl_emul,load_chunk_is,3,
    [{file,
      "/Users/rakis/demos/hyper-aos-demo/aos_test_suite/_build/default/lib/luerl/src/luerl_emul.erl"},
     {line,234}]},
   {luerl_emul,load_chunk_is,3,
    [{file,
      "/Users/rakis/demos/hyper-aos-demo/aos_test_suite/_build/default/lib/luerl/src/luerl_emul.erl"},
     {line,235}]},
   {luerl_emul,load_chunk_i,3,
    [{file,
      "/Users/rakis/demos/hyper-aos-demo/aos_test_suite/_build/default/lib/luerl/src/luerl_emul.erl"},
     {line,244}]},
   {luerl_emul,load_chunk,3,
    [{file,
      "/Users/rakis/demos/hyper-aos-demo/aos_test_suite/_build/default/lib/luerl/src/luerl_emul.erl"},
     {line,223}]},
   {luerl,load,3,
    [{file,
      "/Users/rakis/demos/hyper-aos-demo/aos_test_suite/_build/default/lib/luerl/src/luerl.erl"},
     {line,87}]},
   {luerl,do,2,
    [{file,
      "/Users/rakis/demos/hyper-aos-demo/aos_test_suite/_build/default/lib/luerl/src/luerl.erl"},
     {line,66}]}]}}
    </error>
    <system-out>
    </system-out>
  </testcase>
</testsuite>
