<?xml version="1.0" encoding="UTF-8" ?>
<testsuite tests="3" failures="0" errors="0" skipped="0" time="0.015" name="module 'aos_colors_test'">
  <testcase time="0.002" name="aos_colors_test:0 colors_initialization_test">
    <system-out>
    </system-out>
  </testcase>
  <testcase time="0.002" name="aos_colors_test:0 colored_prompt_test">
    <system-out>
    </system-out>
  </testcase>
  <testcase time="0.002" name="aos_colors_test:0 prompt_with_inbox_test">
    <system-out>
    </system-out>
  </testcase>
</testsuite>
